Using pre-set license
Built from '2020.3/staging' branch; Version is '2020.3.17f1 (a4537701e4ab) revision 10769271'; Using compiler version '192528614'; Build Type 'Release'
OS: 'Windows 10 Pro; OS build 19043.1237; Version 2009; 64bit' Language: 'ru' Physical Memory: 16086 MB
BatchMode: 1, IsHumanControllingUs: 0, StartBugReporterOnCrash: 0, Is64bit: 1, IsPro: 0

COMMAND LINE ARGUMENTS:
C:\Program Files\Unity\Hub\Editor\2020.3.17f1\Editor\Unity.exe
-adb2
-batchMode
-noUpm
-name
AssetImportWorker0
-projectPath
D:/Unity/Colliders
-logFile
Logs/AssetImportWorker0.log
-srvPort
55909
Successfully changed project path to: D:/Unity/Colliders
D:/Unity/Colliders
Using Asset Import Pipeline V2.
Refreshing native plugins compatible for Editor in 97.85 ms, found 2 plugins.
Preloading 0 native plugins for Editor in 0.00 ms.
Initialize engine version: 2020.3.17f1 (a4537701e4ab)
[Subsystems] Discovering subsystems at path C:/Program Files/Unity/Hub/Editor/2020.3.17f1/Editor/Data/Resources/UnitySubsystems
[Subsystems] Discovering subsystems at path D:/Unity/Colliders/Assets
GfxDevice: creating device client; threaded=0
Direct3D:
    Version:  Direct3D 11.0 [level 11.1]
    Renderer: Intel(R) UHD Graphics (ID=0x8a56)
    Vendor:   
    VRAM:     8043 MB
    Driver:   27.20.100.8853
Initialize mono
Mono path[0] = 'C:/Program Files/Unity/Hub/Editor/2020.3.17f1/Editor/Data/Managed'
Mono path[1] = 'C:/Program Files/Unity/Hub/Editor/2020.3.17f1/Editor/Data/MonoBleedingEdge/lib/mono/unityjit'
Mono config path = 'C:/Program Files/Unity/Hub/Editor/2020.3.17f1/Editor/Data/MonoBleedingEdge/etc'
Using monoOptions --debugger-agent=transport=dt_socket,embedding=1,server=y,suspend=n,address=127.0.0.1:56092
Begin MonoManager ReloadAssembly
Registering precompiled unity dll's ...
Register platform support module: C:/Program Files/Unity/Hub/Editor/2020.3.17f1/Editor/Data/PlaybackEngines/WebGLSupport/UnityEditor.WebGL.Extensions.dll
Register platform support module: C:/Program Files/Unity/Hub/Editor/2020.3.17f1/Editor/Data/PlaybackEngines/WindowsStandaloneSupport/UnityEditor.WindowsStandalone.Extensions.dll
Registered in 0.004120 seconds.
Native extension for WindowsStandalone target not found
Native extension for WebGL target not found
Refreshing native plugins compatible for Editor in 60.15 ms, found 2 plugins.
Preloading 0 native plugins for Editor in 0.00 ms.
Mono: successfully reloaded assembly
- Completed reload, in  3.285 seconds
Domain Reload Profiling:
	ReloadAssembly (3285ms)
		BeginReloadAssembly (125ms)
			ExecutionOrderSort (0ms)
			DisableScriptedObjects (0ms)
			BackupInstance (0ms)
			ReleaseScriptingObjects (0ms)
			CreateAndSetChildDomain (2ms)
		EndReloadAssembly (1093ms)
			LoadAssemblies (122ms)
			RebuildTransferFunctionScriptingTraits (0ms)
			SetupTypeCache (517ms)
			ReleaseScriptCaches (0ms)
			RebuildScriptCaches (72ms)
			SetupLoadedEditorAssemblies (352ms)
				LogAssemblyErrors (0ms)
				InitializePlatformSupportModulesInManaged (11ms)
				SetLoadedEditorAssemblies (0ms)
				RefreshPlugins (60ms)
				BeforeProcessingInitializeOnLoad (19ms)
				ProcessInitializeOnLoadAttributes (179ms)
				ProcessInitializeOnLoadMethodAttributes (82ms)
				AfterProcessingInitializeOnLoad (0ms)
				EditorAssembliesLoaded (0ms)
			ExecutionOrderSort2 (0ms)
			AwakeInstancesAfterBackupRestoration (0ms)
Platform modules already initialized, skipping
Registering precompiled user dll's ...
Registered in 0.194340 seconds.
Begin MonoManager ReloadAssembly
Native extension for WindowsStandalone target not found
Native extension for WebGL target not found
Refreshing native plugins compatible for Editor in 0.58 ms, found 2 plugins.
Preloading 0 native plugins for Editor in 0.00 ms.
Mono: successfully reloaded assembly
- Completed reload, in  2.930 seconds
Domain Reload Profiling:
	ReloadAssembly (2931ms)
		BeginReloadAssembly (355ms)
			ExecutionOrderSort (0ms)
			DisableScriptedObjects (10ms)
			BackupInstance (0ms)
			ReleaseScriptingObjects (0ms)
			CreateAndSetChildDomain (47ms)
		EndReloadAssembly (2430ms)
			LoadAssemblies (210ms)
			RebuildTransferFunctionScriptingTraits (0ms)
			SetupTypeCache (621ms)
			ReleaseScriptCaches (1ms)
			RebuildScriptCaches (107ms)
			SetupLoadedEditorAssemblies (1191ms)
				LogAssemblyErrors (0ms)
				InitializePlatformSupportModulesInManaged (16ms)
				SetLoadedEditorAssemblies (1ms)
				RefreshPlugins (1ms)
				BeforeProcessingInitializeOnLoad (147ms)
				ProcessInitializeOnLoadAttributes (998ms)
				ProcessInitializeOnLoadMethodAttributes (10ms)
				AfterProcessingInitializeOnLoad (18ms)
				EditorAssembliesLoaded (1ms)
			ExecutionOrderSort2 (0ms)
			AwakeInstancesAfterBackupRestoration (21ms)
Platform modules already initialized, skipping
========================================================================
Worker process is ready to serve import requests
Launched and connected shader compiler UnityShaderCompiler.exe after 0.20 seconds
Refreshing native plugins compatible for Editor in 0.60 ms, found 2 plugins.
Preloading 0 native plugins for Editor in 0.00 ms.
Unloading 1402 Unused Serialized files (Serialized files now loaded: 0)
System memory in use before: 77.2 MB.
System memory in use after: 77.3 MB.

Unloading 18 unused Assets to reduce memory usage. Loaded Objects now: 1851.
Total: 5.687000 ms (FindLiveObjects: 0.254400 ms CreateObjectMapping: 0.072000 ms MarkObjects: 5.113000 ms  DeleteObjects: 0.245700 ms)

AssetImportParameters requested are different than current active one (requested -> active):
  custom:framework-win-MediaFoundation: 216162199b28c13a410421893ffa2e32 -> 
  custom:video-decoder-ogg-theora: a1e56fd34408186e4bbccfd4996cb3dc -> 
  custom:container-muxer-webm: aa71ff27fc2769a1b78a27578f13a17b -> 
  custom:container-demuxer-webm: 4f35f7cbe854078d1ac9338744f61a02 -> 
  custom:container-demuxer-ogg: 62fdf1f143b41e24485cea50d1cbac27 -> 
  custom:video-encoder-webm-vp8: eb34c28f22e8b96e1ab97ce403110664 -> 
  custom:video-decoder-webm-vp8: 9c59270c3fd7afecdb556c50c9e8de78 -> 
  custom:audio-decoder-ogg-vorbis: bf7c407c2cedff20999df2af8eb42d56 -> 
  custom:audio-encoder-webm-vorbis: bf7c407c2cedff20999df2af8eb42d56 -> 
========================================================================
Received Import Request.
  path: Assets/GameScripts/ControlSphere.cs
  artifactKey: Guid(4e11920cdc3f9414e8ba7e448ca59eb2) Importer(815301076,1909f56bfc062723c751e8b465ee728b)
Start importing Assets/GameScripts/ControlSphere.cs using Guid(4e11920cdc3f9414e8ba7e448ca59eb2) Importer(815301076,1909f56bfc062723c751e8b465ee728b)  -> (artifact id: '5ea65c28005fe15d30526e2cc83fe811') in 0.068724 seconds 
  Import took 0.074337 seconds .

========================================================================
Received Prepare
Registering precompiled user dll's ...
Registered in 0.003871 seconds.
Begin MonoManager ReloadAssembly
Native extension for WindowsStandalone target not found
Native extension for WebGL target not found
Refreshing native plugins compatible for Editor in 0.50 ms, found 2 plugins.
Preloading 0 native plugins for Editor in 0.00 ms.
Mono: successfully reloaded assembly
- Completed reload, in  2.110 seconds
Domain Reload Profiling:
	ReloadAssembly (2112ms)
		BeginReloadAssembly (210ms)
			ExecutionOrderSort (0ms)
			DisableScriptedObjects (9ms)
			BackupInstance (0ms)
			ReleaseScriptingObjects (0ms)
			CreateAndSetChildDomain (63ms)
		EndReloadAssembly (1774ms)
			LoadAssemblies (186ms)
			RebuildTransferFunctionScriptingTraits (0ms)
			SetupTypeCache (562ms)
			ReleaseScriptCaches (1ms)
			RebuildScriptCaches (76ms)
			SetupLoadedEditorAssemblies (774ms)
				LogAssemblyErrors (0ms)
				InitializePlatformSupportModulesInManaged (12ms)
				SetLoadedEditorAssemblies (1ms)
				RefreshPlugins (1ms)
				BeforeProcessingInitializeOnLoad (91ms)
				ProcessInitializeOnLoadAttributes (643ms)
				ProcessInitializeOnLoadMethodAttributes (11ms)
				AfterProcessingInitializeOnLoad (14ms)
				EditorAssembliesLoaded (1ms)
			ExecutionOrderSort2 (0ms)
			AwakeInstancesAfterBackupRestoration (13ms)
Platform modules already initialized, skipping
Refreshing native plugins compatible for Editor in 0.59 ms, found 2 plugins.
Preloading 0 native plugins for Editor in 0.00 ms.
Unloading 1396 Unused Serialized files (Serialized files now loaded: 0)
System memory in use before: 77.0 MB.
System memory in use after: 77.1 MB.

Unloading 13 unused Assets to reduce memory usage. Loaded Objects now: 1853.
Total: 5.898800 ms (FindLiveObjects: 0.195000 ms CreateObjectMapping: 0.074800 ms MarkObjects: 5.535600 ms  DeleteObjects: 0.091400 ms)

AssetImportParameters requested are different than current active one (requested -> active):
  custom:framework-win-MediaFoundation: 216162199b28c13a410421893ffa2e32 -> 
  custom:video-decoder-ogg-theora: a1e56fd34408186e4bbccfd4996cb3dc -> 
  custom:container-muxer-webm: aa71ff27fc2769a1b78a27578f13a17b -> 
  custom:container-demuxer-webm: 4f35f7cbe854078d1ac9338744f61a02 -> 
  custom:container-demuxer-ogg: 62fdf1f143b41e24485cea50d1cbac27 -> 
  custom:video-encoder-webm-vp8: eb34c28f22e8b96e1ab97ce403110664 -> 
  custom:video-decoder-webm-vp8: 9c59270c3fd7afecdb556c50c9e8de78 -> 
  custom:audio-decoder-ogg-vorbis: bf7c407c2cedff20999df2af8eb42d56 -> 
  custom:audio-encoder-webm-vorbis: bf7c407c2cedff20999df2af8eb42d56 -> 
========================================================================
Received Prepare
Registering precompiled user dll's ...
Registered in 0.006316 seconds.
Begin MonoManager ReloadAssembly
Native extension for WindowsStandalone target not found
Native extension for WebGL target not found
Refreshing native plugins compatible for Editor in 0.78 ms, found 2 plugins.
Preloading 0 native plugins for Editor in 0.00 ms.
Mono: successfully reloaded assembly
- Completed reload, in  3.316 seconds
Domain Reload Profiling:
	ReloadAssembly (3316ms)
		BeginReloadAssembly (224ms)
			ExecutionOrderSort (0ms)
			DisableScriptedObjects (10ms)
			BackupInstance (0ms)
			ReleaseScriptingObjects (0ms)
			CreateAndSetChildDomain (61ms)
		EndReloadAssembly (2922ms)
			LoadAssemblies (281ms)
			RebuildTransferFunctionScriptingTraits (0ms)
			SetupTypeCache (1108ms)
			ReleaseScriptCaches (2ms)
			RebuildScriptCaches (106ms)
			SetupLoadedEditorAssemblies (1072ms)
				LogAssemblyErrors (0ms)
				InitializePlatformSupportModulesInManaged (20ms)
				SetLoadedEditorAssemblies (1ms)
				RefreshPlugins (1ms)
				BeforeProcessingInitializeOnLoad (142ms)
				ProcessInitializeOnLoadAttributes (889ms)
				ProcessInitializeOnLoadMethodAttributes (7ms)
				AfterProcessingInitializeOnLoad (11ms)
				EditorAssembliesLoaded (1ms)
			ExecutionOrderSort2 (0ms)
			AwakeInstancesAfterBackupRestoration (16ms)
Platform modules already initialized, skipping
Refreshing native plugins compatible for Editor in 0.81 ms, found 2 plugins.
Preloading 0 native plugins for Editor in 0.00 ms.
Unloading 1396 Unused Serialized files (Serialized files now loaded: 0)
System memory in use before: 77.1 MB.
System memory in use after: 77.2 MB.

Unloading 13 unused Assets to reduce memory usage. Loaded Objects now: 1855.
Total: 11.977400 ms (FindLiveObjects: 0.281100 ms CreateObjectMapping: 0.137800 ms MarkObjects: 11.503000 ms  DeleteObjects: 0.052900 ms)

AssetImportParameters requested are different than current active one (requested -> active):
  custom:framework-win-MediaFoundation: 216162199b28c13a410421893ffa2e32 -> 
  custom:video-decoder-ogg-theora: a1e56fd34408186e4bbccfd4996cb3dc -> 
  custom:container-muxer-webm: aa71ff27fc2769a1b78a27578f13a17b -> 
  custom:container-demuxer-webm: 4f35f7cbe854078d1ac9338744f61a02 -> 
  custom:container-demuxer-ogg: 62fdf1f143b41e24485cea50d1cbac27 -> 
  custom:video-encoder-webm-vp8: eb34c28f22e8b96e1ab97ce403110664 -> 
  custom:video-decoder-webm-vp8: 9c59270c3fd7afecdb556c50c9e8de78 -> 
  custom:audio-decoder-ogg-vorbis: bf7c407c2cedff20999df2af8eb42d56 -> 
  custom:audio-encoder-webm-vorbis: bf7c407c2cedff20999df2af8eb42d56 -> 
========================================================================
Received Import Request.
  Time since last request: 250.700003 seconds.
  path: Assets/GameScripts/ControlSphere.cs
  artifactKey: Guid(4e11920cdc3f9414e8ba7e448ca59eb2) Importer(815301076,1909f56bfc062723c751e8b465ee728b)
Start importing Assets/GameScripts/ControlSphere.cs using Guid(4e11920cdc3f9414e8ba7e448ca59eb2) Importer(815301076,1909f56bfc062723c751e8b465ee728b)  -> (artifact id: '0940aa6c9c621a07d81ada66d4501083') in 0.007985 seconds 
  Import took 0.012404 seconds .

========================================================================
Received Prepare
Registering precompiled user dll's ...
Registered in 0.003974 seconds.
Begin MonoManager ReloadAssembly
Native extension for WindowsStandalone target not found
Native extension for WebGL target not found
Refreshing native plugins compatible for Editor in 1.01 ms, found 2 plugins.
Preloading 0 native plugins for Editor in 0.00 ms.
Mono: successfully reloaded assembly
- Completed reload, in  2.789 seconds
Domain Reload Profiling:
	ReloadAssembly (2790ms)
		BeginReloadAssembly (242ms)
			ExecutionOrderSort (0ms)
			DisableScriptedObjects (8ms)
			BackupInstance (0ms)
			ReleaseScriptingObjects (0ms)
			CreateAndSetChildDomain (54ms)
		EndReloadAssembly (2392ms)
			LoadAssemblies (232ms)
			RebuildTransferFunctionScriptingTraits (0ms)
			SetupTypeCache (718ms)
			ReleaseScriptCaches (4ms)
			RebuildScriptCaches (109ms)
			SetupLoadedEditorAssemblies (935ms)
				LogAssemblyErrors (0ms)
				InitializePlatformSupportModulesInManaged (25ms)
				SetLoadedEditorAssemblies (2ms)
				RefreshPlugins (1ms)
				BeforeProcessingInitializeOnLoad (117ms)
				ProcessInitializeOnLoadAttributes (771ms)
				ProcessInitializeOnLoadMethodAttributes (7ms)
				AfterProcessingInitializeOnLoad (10ms)
				EditorAssembliesLoaded (1ms)
			ExecutionOrderSort2 (0ms)
			AwakeInstancesAfterBackupRestoration (22ms)
Platform modules already initialized, skipping
Refreshing native plugins compatible for Editor in 0.81 ms, found 2 plugins.
Preloading 0 native plugins for Editor in 0.00 ms.
Unloading 1396 Unused Serialized files (Serialized files now loaded: 0)
System memory in use before: 77.1 MB.
System memory in use after: 77.2 MB.

Unloading 13 unused Assets to reduce memory usage. Loaded Objects now: 1857.
Total: 5.272800 ms (FindLiveObjects: 0.184200 ms CreateObjectMapping: 0.066100 ms MarkObjects: 4.986200 ms  DeleteObjects: 0.034300 ms)

AssetImportParameters requested are different than current active one (requested -> active):
  custom:framework-win-MediaFoundation: 216162199b28c13a410421893ffa2e32 -> 
  custom:video-decoder-ogg-theora: a1e56fd34408186e4bbccfd4996cb3dc -> 
  custom:container-muxer-webm: aa71ff27fc2769a1b78a27578f13a17b -> 
  custom:container-demuxer-webm: 4f35f7cbe854078d1ac9338744f61a02 -> 
  custom:container-demuxer-ogg: 62fdf1f143b41e24485cea50d1cbac27 -> 
  custom:video-encoder-webm-vp8: eb34c28f22e8b96e1ab97ce403110664 -> 
  custom:video-decoder-webm-vp8: 9c59270c3fd7afecdb556c50c9e8de78 -> 
  custom:audio-decoder-ogg-vorbis: bf7c407c2cedff20999df2af8eb42d56 -> 
  custom:audio-encoder-webm-vorbis: bf7c407c2cedff20999df2af8eb42d56 -> 
========================================================================
Received Import Request.
  Time since last request: 28.577365 seconds.
  path: Assets/GameScripts/ControlSphere.cs
  artifactKey: Guid(4e11920cdc3f9414e8ba7e448ca59eb2) Importer(815301076,1909f56bfc062723c751e8b465ee728b)
Start importing Assets/GameScripts/ControlSphere.cs using Guid(4e11920cdc3f9414e8ba7e448ca59eb2) Importer(815301076,1909f56bfc062723c751e8b465ee728b)  -> (artifact id: '2d1f8044f190ac518c684907029112a1') in 0.006518 seconds 
  Import took 0.011649 seconds .

========================================================================
Received Import Request.
  Time since last request: 1.291123 seconds.
  path: Assets/GameScripts/ControlSphere.cs
  artifactKey: Guid(4e11920cdc3f9414e8ba7e448ca59eb2) Importer(815301076,1909f56bfc062723c751e8b465ee728b)
Start importing Assets/GameScripts/ControlSphere.cs using Guid(4e11920cdc3f9414e8ba7e448ca59eb2) Importer(815301076,1909f56bfc062723c751e8b465ee728b)  -> (artifact id: '2d1f8044f190ac518c684907029112a1') in 0.003350 seconds 
  Import took 0.008830 seconds .

========================================================================
Received Prepare
Registering precompiled user dll's ...
Registered in 0.014646 seconds.
Begin MonoManager ReloadAssembly
Native extension for WindowsStandalone target not found
Native extension for WebGL target not found
Refreshing native plugins compatible for Editor in 0.49 ms, found 2 plugins.
Preloading 0 native plugins for Editor in 0.00 ms.
Mono: successfully reloaded assembly
- Completed reload, in  2.877 seconds
Domain Reload Profiling:
	ReloadAssembly (2879ms)
		BeginReloadAssembly (296ms)
			ExecutionOrderSort (0ms)
			DisableScriptedObjects (25ms)
			BackupInstance (0ms)
			ReleaseScriptingObjects (0ms)
			CreateAndSetChildDomain (80ms)
		EndReloadAssembly (2406ms)
			LoadAssemblies (211ms)
			RebuildTransferFunctionScriptingTraits (0ms)
			SetupTypeCache (817ms)
			ReleaseScriptCaches (2ms)
			RebuildScriptCaches (115ms)
			SetupLoadedEditorAssemblies (976ms)
				LogAssemblyErrors (0ms)
				InitializePlatformSupportModulesInManaged (12ms)
				SetLoadedEditorAssemblies (1ms)
				RefreshPlugins (1ms)
				BeforeProcessingInitializeOnLoad (128ms)
				ProcessInitializeOnLoadAttributes (805ms)
				ProcessInitializeOnLoadMethodAttributes (11ms)
				AfterProcessingInitializeOnLoad (18ms)
				EditorAssembliesLoaded (1ms)
			ExecutionOrderSort2 (0ms)
			AwakeInstancesAfterBackupRestoration (21ms)
Platform modules already initialized, skipping
Refreshing native plugins compatible for Editor in 0.63 ms, found 2 plugins.
Preloading 0 native plugins for Editor in 0.00 ms.
Unloading 1396 Unused Serialized files (Serialized files now loaded: 0)
System memory in use before: 77.1 MB.
System memory in use after: 77.2 MB.

Unloading 13 unused Assets to reduce memory usage. Loaded Objects now: 1859.
Total: 6.144500 ms (FindLiveObjects: 0.280300 ms CreateObjectMapping: 0.073700 ms MarkObjects: 5.716300 ms  DeleteObjects: 0.072000 ms)

AssetImportParameters requested are different than current active one (requested -> active):
  custom:framework-win-MediaFoundation: 216162199b28c13a410421893ffa2e32 -> 
  custom:video-decoder-ogg-theora: a1e56fd34408186e4bbccfd4996cb3dc -> 
  custom:container-muxer-webm: aa71ff27fc2769a1b78a27578f13a17b -> 
  custom:container-demuxer-webm: 4f35f7cbe854078d1ac9338744f61a02 -> 
  custom:container-demuxer-ogg: 62fdf1f143b41e24485cea50d1cbac27 -> 
  custom:video-encoder-webm-vp8: eb34c28f22e8b96e1ab97ce403110664 -> 
  custom:video-decoder-webm-vp8: 9c59270c3fd7afecdb556c50c9e8de78 -> 
  custom:audio-decoder-ogg-vorbis: bf7c407c2cedff20999df2af8eb42d56 -> 
  custom:audio-encoder-webm-vorbis: bf7c407c2cedff20999df2af8eb42d56 -> 
========================================================================
Received Prepare
Registering precompiled user dll's ...
Registered in 0.006076 seconds.
Begin MonoManager ReloadAssembly
Native extension for WindowsStandalone target not found
Native extension for WebGL target not found
Refreshing native plugins compatible for Editor in 0.91 ms, found 2 plugins.
Preloading 0 native plugins for Editor in 0.00 ms.
Mono: successfully reloaded assembly
- Completed reload, in  2.362 seconds
Domain Reload Profiling:
	ReloadAssembly (2363ms)
		BeginReloadAssembly (258ms)
			ExecutionOrderSort (0ms)
			DisableScriptedObjects (14ms)
			BackupInstance (0ms)
			ReleaseScriptingObjects (0ms)
			CreateAndSetChildDomain (84ms)
		EndReloadAssembly (1956ms)
			LoadAssemblies (186ms)
			RebuildTransferFunctionScriptingTraits (0ms)
			SetupTypeCache (600ms)
			ReleaseScriptCaches (2ms)
			RebuildScriptCaches (87ms)
			SetupLoadedEditorAssemblies (868ms)
				LogAssemblyErrors (0ms)
				InitializePlatformSupportModulesInManaged (19ms)
				SetLoadedEditorAssemblies (1ms)
				RefreshPlugins (1ms)
				BeforeProcessingInitializeOnLoad (150ms)
				ProcessInitializeOnLoadAttributes (680ms)
				ProcessInitializeOnLoadMethodAttributes (6ms)
				AfterProcessingInitializeOnLoad (10ms)
				EditorAssembliesLoaded (0ms)
			ExecutionOrderSort2 (0ms)
			AwakeInstancesAfterBackupRestoration (13ms)
Platform modules already initialized, skipping
Refreshing native plugins compatible for Editor in 1.01 ms, found 2 plugins.
Preloading 0 native plugins for Editor in 0.00 ms.
Unloading 1396 Unused Serialized files (Serialized files now loaded: 0)
System memory in use before: 77.1 MB.
System memory in use after: 77.2 MB.

Unloading 13 unused Assets to reduce memory usage. Loaded Objects now: 1861.
Total: 5.163700 ms (FindLiveObjects: 0.313000 ms CreateObjectMapping: 0.113400 ms MarkObjects: 4.702300 ms  DeleteObjects: 0.032900 ms)

AssetImportParameters requested are different than current active one (requested -> active):
  custom:framework-win-MediaFoundation: 216162199b28c13a410421893ffa2e32 -> 
  custom:video-decoder-ogg-theora: a1e56fd34408186e4bbccfd4996cb3dc -> 
  custom:container-muxer-webm: aa71ff27fc2769a1b78a27578f13a17b -> 
  custom:container-demuxer-webm: 4f35f7cbe854078d1ac9338744f61a02 -> 
  custom:container-demuxer-ogg: 62fdf1f143b41e24485cea50d1cbac27 -> 
  custom:video-encoder-webm-vp8: eb34c28f22e8b96e1ab97ce403110664 -> 
  custom:video-decoder-webm-vp8: 9c59270c3fd7afecdb556c50c9e8de78 -> 
  custom:audio-decoder-ogg-vorbis: bf7c407c2cedff20999df2af8eb42d56 -> 
  custom:audio-encoder-webm-vorbis: bf7c407c2cedff20999df2af8eb42d56 -> 
========================================================================
Received Prepare
Registering precompiled user dll's ...
Registered in 0.005881 seconds.
Begin MonoManager ReloadAssembly
Native extension for WindowsStandalone target not found
Native extension for WebGL target not found
Refreshing native plugins compatible for Editor in 0.89 ms, found 2 plugins.
Preloading 0 native plugins for Editor in 0.00 ms.
Mono: successfully reloaded assembly
- Completed reload, in  3.268 seconds
Domain Reload Profiling:
	ReloadAssembly (3269ms)
		BeginReloadAssembly (322ms)
			ExecutionOrderSort (0ms)
			DisableScriptedObjects (16ms)
			BackupInstance (0ms)
			ReleaseScriptingObjects (0ms)
			CreateAndSetChildDomain (93ms)
		EndReloadAssembly (2735ms)
			LoadAssemblies (284ms)
			RebuildTransferFunctionScriptingTraits (0ms)
			SetupTypeCache (843ms)
			ReleaseScriptCaches (2ms)
			RebuildScriptCaches (120ms)
			SetupLoadedEditorAssemblies (1187ms)
				LogAssemblyErrors (0ms)
				InitializePlatformSupportModulesInManaged (18ms)
				SetLoadedEditorAssemblies (2ms)
				RefreshPlugins (1ms)
				BeforeProcessingInitializeOnLoad (140ms)
				ProcessInitializeOnLoadAttributes (995ms)
				ProcessInitializeOnLoadMethodAttributes (12ms)
				AfterProcessingInitializeOnLoad (19ms)
				EditorAssembliesLoaded (1ms)
			ExecutionOrderSort2 (0ms)
			AwakeInstancesAfterBackupRestoration (24ms)
Platform modules already initialized, skipping
Refreshing native plugins compatible for Editor in 0.80 ms, found 2 plugins.
Preloading 0 native plugins for Editor in 0.00 ms.
Unloading 1396 Unused Serialized files (Serialized files now loaded: 0)
System memory in use before: 77.1 MB.
System memory in use after: 77.2 MB.

Unloading 13 unused Assets to reduce memory usage. Loaded Objects now: 1863.
Total: 6.476800 ms (FindLiveObjects: 0.401200 ms CreateObjectMapping: 0.135500 ms MarkObjects: 5.805000 ms  DeleteObjects: 0.131900 ms)

AssetImportParameters requested are different than current active one (requested -> active):
  custom:framework-win-MediaFoundation: 216162199b28c13a410421893ffa2e32 -> 
  custom:video-decoder-ogg-theora: a1e56fd34408186e4bbccfd4996cb3dc -> 
  custom:container-muxer-webm: aa71ff27fc2769a1b78a27578f13a17b -> 
  custom:container-demuxer-webm: 4f35f7cbe854078d1ac9338744f61a02 -> 
  custom:container-demuxer-ogg: 62fdf1f143b41e24485cea50d1cbac27 -> 
  custom:video-encoder-webm-vp8: eb34c28f22e8b96e1ab97ce403110664 -> 
  custom:video-decoder-webm-vp8: 9c59270c3fd7afecdb556c50c9e8de78 -> 
  custom:audio-decoder-ogg-vorbis: bf7c407c2cedff20999df2af8eb42d56 -> 
  custom:audio-encoder-webm-vorbis: bf7c407c2cedff20999df2af8eb42d56 -> 
========================================================================
Received Import Request.
  Time since last request: 577.861330 seconds.
  path: Assets/RedCube.prefab
  artifactKey: Guid(aadf8a93211d1434199ab26331570213) Importer(815301076,1909f56bfc062723c751e8b465ee728b)
Start importing Assets/RedCube.prefab using Guid(aadf8a93211d1434199ab26331570213) Importer(815301076,1909f56bfc062723c751e8b465ee728b)  -> (artifact id: '32b54d35e270436a5f3791c73164dd79') in 0.102895 seconds 
  Import took 0.109097 seconds .

========================================================================
Received Import Request.
  Time since last request: 58.094056 seconds.
  path: Assets/RedCube.prefab
  artifactKey: Guid(aadf8a93211d1434199ab26331570213) Importer(815301076,1909f56bfc062723c751e8b465ee728b)
Start importing Assets/RedCube.prefab using Guid(aadf8a93211d1434199ab26331570213) Importer(815301076,1909f56bfc062723c751e8b465ee728b)  -> (artifact id: '7180dcb04c08c54be4e83432e90b5235') in 0.013972 seconds 
  Import took 0.024860 seconds .

========================================================================
Received Import Request.
  Time since last request: 0.008352 seconds.
  path: Assets/RedCube.prefab
  artifactKey: Guid(aadf8a93211d1434199ab26331570213) Importer(815301076,1909f56bfc062723c751e8b465ee728b)
Start importing Assets/RedCube.prefab using Guid(aadf8a93211d1434199ab26331570213) Importer(815301076,1909f56bfc062723c751e8b465ee728b)  -> (artifact id: '7180dcb04c08c54be4e83432e90b5235') in 0.009605 seconds 
  Import took 0.015431 seconds .

========================================================================
Received Import Request.
  Time since last request: 162.510207 seconds.
  path: Assets/GreenCube.prefab
  artifactKey: Guid(9ce5dde3fdbc7294ebc51a7a6f731965) Importer(815301076,1909f56bfc062723c751e8b465ee728b)
Start importing Assets/GreenCube.prefab using Guid(9ce5dde3fdbc7294ebc51a7a6f731965) Importer(815301076,1909f56bfc062723c751e8b465ee728b)  -> (artifact id: '756e8627a56f96cb23c1432519dc1033') in 0.022737 seconds 
  Import took 0.027094 seconds .

========================================================================
Received Import Request.
  Time since last request: 0.015043 seconds.
  path: Assets/GreenCube.prefab
  artifactKey: Guid(9ce5dde3fdbc7294ebc51a7a6f731965) Importer(815301076,1909f56bfc062723c751e8b465ee728b)
Start importing Assets/GreenCube.prefab using Guid(9ce5dde3fdbc7294ebc51a7a6f731965) Importer(815301076,1909f56bfc062723c751e8b465ee728b)  -> (artifact id: '756e8627a56f96cb23c1432519dc1033') in 0.009252 seconds 
  Import took 0.013627 seconds .

========================================================================
Received Import Request.
  Time since last request: 143.605119 seconds.
  path: Assets/GreenCube.prefab
  artifactKey: Guid(9ce5dde3fdbc7294ebc51a7a6f731965) Importer(815301076,1909f56bfc062723c751e8b465ee728b)
Start importing Assets/GreenCube.prefab using Guid(9ce5dde3fdbc7294ebc51a7a6f731965) Importer(815301076,1909f56bfc062723c751e8b465ee728b)  -> (artifact id: 'f08cfa4a00ba99cc6f77180d82089e9a') in 0.013183 seconds 
  Import took 0.021021 seconds .

========================================================================
Received Import Request.
  Time since last request: 36.315278 seconds.
  path: Assets/GreenCube.prefab
  artifactKey: Guid(9ce5dde3fdbc7294ebc51a7a6f731965) Importer(815301076,1909f56bfc062723c751e8b465ee728b)
Start importing Assets/GreenCube.prefab using Guid(9ce5dde3fdbc7294ebc51a7a6f731965) Importer(815301076,1909f56bfc062723c751e8b465ee728b)  -> (artifact id: '39919bbbaf3ae9aa8b0f848ac65dc592') in 0.011009 seconds 
  Import took 0.018547 seconds .

========================================================================
Received Import Request.
  Time since last request: 0.024946 seconds.
  path: Assets/GreenCube.prefab
  artifactKey: Guid(9ce5dde3fdbc7294ebc51a7a6f731965) Importer(815301076,1909f56bfc062723c751e8b465ee728b)
Start importing Assets/GreenCube.prefab using Guid(9ce5dde3fdbc7294ebc51a7a6f731965) Importer(815301076,1909f56bfc062723c751e8b465ee728b)  -> (artifact id: '39919bbbaf3ae9aa8b0f848ac65dc592') in 0.008343 seconds 
  Import took 0.013418 seconds .

========================================================================
Received Import Request.
  Time since last request: 20.374772 seconds.
  path: Assets/GreenCube.prefab
  artifactKey: Guid(9ce5dde3fdbc7294ebc51a7a6f731965) Importer(815301076,1909f56bfc062723c751e8b465ee728b)
Start importing Assets/GreenCube.prefab using Guid(9ce5dde3fdbc7294ebc51a7a6f731965) Importer(815301076,1909f56bfc062723c751e8b465ee728b)  -> (artifact id: 'dc11b193e6c80bce15734968c8ca74b1') in 0.008998 seconds 
  Import took 0.014516 seconds .

========================================================================
Received Import Request.
  Time since last request: 7.819145 seconds.
  path: Assets/GreenCube.prefab
  artifactKey: Guid(9ce5dde3fdbc7294ebc51a7a6f731965) Importer(815301076,1909f56bfc062723c751e8b465ee728b)
Start importing Assets/GreenCube.prefab using Guid(9ce5dde3fdbc7294ebc51a7a6f731965) Importer(815301076,1909f56bfc062723c751e8b465ee728b)  -> (artifact id: '9133f26d891a253349e27788b9b0fa02') in 0.197831 seconds 
  Import took 0.205728 seconds .

========================================================================
Received Import Request.
  Time since last request: 6.634687 seconds.
  path: Assets/GreenCube.prefab
  artifactKey: Guid(9ce5dde3fdbc7294ebc51a7a6f731965) Importer(815301076,1909f56bfc062723c751e8b465ee728b)
Start importing Assets/GreenCube.prefab using Guid(9ce5dde3fdbc7294ebc51a7a6f731965) Importer(815301076,1909f56bfc062723c751e8b465ee728b)  -> (artifact id: 'aff2c8fd9199774a52f57643e136eec6') in 0.028452 seconds 
  Import took 0.034712 seconds .

========================================================================
Received Import Request.
  Time since last request: 8.853565 seconds.
  path: Assets/GreenCube.prefab
  artifactKey: Guid(9ce5dde3fdbc7294ebc51a7a6f731965) Importer(815301076,1909f56bfc062723c751e8b465ee728b)
Start importing Assets/GreenCube.prefab using Guid(9ce5dde3fdbc7294ebc51a7a6f731965) Importer(815301076,1909f56bfc062723c751e8b465ee728b)  -> (artifact id: '12199939fda75039d134e2408e2a635d') in 0.026743 seconds 
  Import took 0.034280 seconds .

========================================================================
Received Import Request.
  Time since last request: 24.667463 seconds.
  path: Assets/New Material.mat
  artifactKey: Guid(cf4b58ae05a30f74cba4fca5b7adcf3e) Importer(815301076,1909f56bfc062723c751e8b465ee728b)
Start importing Assets/New Material.mat using Guid(cf4b58ae05a30f74cba4fca5b7adcf3e) Importer(815301076,1909f56bfc062723c751e8b465ee728b)  -> (artifact id: 'ba44c984035b86362a20af9bce0424a6') in 0.070650 seconds 
  Import took 0.076600 seconds .

========================================================================
Received Import Request.
  Time since last request: 28.732738 seconds.
  path: Assets/Red.mat
  artifactKey: Guid(cf4b58ae05a30f74cba4fca5b7adcf3e) Importer(815301076,1909f56bfc062723c751e8b465ee728b)
Start importing Assets/Red.mat using Guid(cf4b58ae05a30f74cba4fca5b7adcf3e) Importer(815301076,1909f56bfc062723c751e8b465ee728b)  -> (artifact id: '9136bca5bee01ea5efb2fb38cc437ea7') in 0.031080 seconds 
  Import took 0.035882 seconds .

========================================================================
Received Import Request.
  Time since last request: 13.026222 seconds.
  path: Assets/GreenCube.prefab
  artifactKey: Guid(9ce5dde3fdbc7294ebc51a7a6f731965) Importer(815301076,1909f56bfc062723c751e8b465ee728b)
Start importing Assets/GreenCube.prefab using Guid(9ce5dde3fdbc7294ebc51a7a6f731965) Importer(815301076,1909f56bfc062723c751e8b465ee728b)  -> (artifact id: '8dceb83994e00a0a7eb96dce22491a94') in 0.030569 seconds 
  Import took 0.036792 seconds .

========================================================================
Received Import Request.
  Time since last request: 37.553856 seconds.
  path: Assets/Green.mat
  artifactKey: Guid(cf4b58ae05a30f74cba4fca5b7adcf3e) Importer(815301076,1909f56bfc062723c751e8b465ee728b)
Start importing Assets/Green.mat using Guid(cf4b58ae05a30f74cba4fca5b7adcf3e) Importer(815301076,1909f56bfc062723c751e8b465ee728b)  -> (artifact id: '30a13b655bf2d105de421a326bdafbe5') in 0.032539 seconds 
  Import took 0.038202 seconds .

========================================================================
Received Import Request.
  Time since last request: 17.400589 seconds.
  path: Assets/RedCube.prefab
  artifactKey: Guid(aadf8a93211d1434199ab26331570213) Importer(815301076,1909f56bfc062723c751e8b465ee728b)
Start importing Assets/RedCube.prefab using Guid(aadf8a93211d1434199ab26331570213) Importer(815301076,1909f56bfc062723c751e8b465ee728b)  -> (artifact id: '037cde2356e0dbbd43970c24bbb95301') in 0.023945 seconds 
  Import took 0.030096 seconds .

========================================================================
Received Import Request.
  Time since last request: 5.599270 seconds.
  path: Assets/RedCube.prefab
  artifactKey: Guid(aadf8a93211d1434199ab26331570213) Importer(815301076,1909f56bfc062723c751e8b465ee728b)
Start importing Assets/RedCube.prefab using Guid(aadf8a93211d1434199ab26331570213) Importer(815301076,1909f56bfc062723c751e8b465ee728b)  -> (artifact id: '0a1107daee54f2061e0481b2cab8fa94') in 0.018150 seconds 
  Import took 0.023719 seconds .

========================================================================
Received Import Request.
  Time since last request: 13.307972 seconds.
  path: Assets/Red.mat
  artifactKey: Guid(3ff6a255b44eb2d43b64a9f33005d7c8) Importer(815301076,1909f56bfc062723c751e8b465ee728b)
Start importing Assets/Red.mat using Guid(3ff6a255b44eb2d43b64a9f33005d7c8) Importer(815301076,1909f56bfc062723c751e8b465ee728b)  -> (artifact id: '851205bf58c3645fdfc26d8f4ab216f0') in 0.017486 seconds 
  Import took 0.022988 seconds .

========================================================================
Received Import Request.
  Time since last request: 20.599493 seconds.
  path: Assets/RedCube.prefab
  artifactKey: Guid(aadf8a93211d1434199ab26331570213) Importer(815301076,1909f56bfc062723c751e8b465ee728b)
Start importing Assets/RedCube.prefab using Guid(aadf8a93211d1434199ab26331570213) Importer(815301076,1909f56bfc062723c751e8b465ee728b)  -> (artifact id: '71ba9a184fcec282e74efac3852b6f9f') in 0.019429 seconds 
  Import took 0.025302 seconds .

========================================================================
Received Import Request.
  Time since last request: 7.128081 seconds.
  path: Assets/Red.mat
  artifactKey: Guid(3ff6a255b44eb2d43b64a9f33005d7c8) Importer(815301076,1909f56bfc062723c751e8b465ee728b)
Start importing Assets/Red.mat using Guid(3ff6a255b44eb2d43b64a9f33005d7c8) Importer(815301076,1909f56bfc062723c751e8b465ee728b)  -> (artifact id: '5f5710a742ae10218aac9067476b422e') in 0.026152 seconds 
  Import took 0.032079 seconds .

========================================================================
Received Import Request.
  Time since last request: 33.481148 seconds.
  path: Assets/GreenCube.prefab
  artifactKey: Guid(9ce5dde3fdbc7294ebc51a7a6f731965) Importer(815301076,1909f56bfc062723c751e8b465ee728b)
Start importing Assets/GreenCube.prefab using Guid(9ce5dde3fdbc7294ebc51a7a6f731965) Importer(815301076,1909f56bfc062723c751e8b465ee728b)  -> (artifact id: '2236d0456a24b5e0e8a632c4b4afca98') in 0.032968 seconds 
  Import took 0.038623 seconds .

========================================================================
Received Import Request.
  Time since last request: 2.586994 seconds.
  path: Assets/GreenCube.prefab
  artifactKey: Guid(9ce5dde3fdbc7294ebc51a7a6f731965) Importer(815301076,1909f56bfc062723c751e8b465ee728b)
Start importing Assets/GreenCube.prefab using Guid(9ce5dde3fdbc7294ebc51a7a6f731965) Importer(815301076,1909f56bfc062723c751e8b465ee728b)  -> (artifact id: '9763787d2cffccae2a23038834d05801') in 0.030131 seconds 
  Import took 0.036023 seconds .

========================================================================
Received Import Request.
  Time since last request: 3.211268 seconds.
  path: Assets/GreenCube.prefab
  artifactKey: Guid(9ce5dde3fdbc7294ebc51a7a6f731965) Importer(815301076,1909f56bfc062723c751e8b465ee728b)
Start importing Assets/GreenCube.prefab using Guid(9ce5dde3fdbc7294ebc51a7a6f731965) Importer(815301076,1909f56bfc062723c751e8b465ee728b)  -> (artifact id: '50b7e3a128a18efb13710c82abd9df1f') in 0.030719 seconds 
  Import took 0.036141 seconds .

========================================================================
Received Import Request.
  Time since last request: 27.797257 seconds.
  path: Assets/RedCube.prefab
  artifactKey: Guid(aadf8a93211d1434199ab26331570213) Importer(815301076,1909f56bfc062723c751e8b465ee728b)
Start importing Assets/RedCube.prefab using Guid(aadf8a93211d1434199ab26331570213) Importer(815301076,1909f56bfc062723c751e8b465ee728b)  -> (artifact id: '4553d6051d189deb15b498b5cb6aecb9') in 0.028558 seconds 
  Import took 0.035145 seconds .

========================================================================
Received Import Request.
  Time since last request: 3.395205 seconds.
  path: Assets/RedCube.prefab
  artifactKey: Guid(aadf8a93211d1434199ab26331570213) Importer(815301076,1909f56bfc062723c751e8b465ee728b)
Start importing Assets/RedCube.prefab using Guid(aadf8a93211d1434199ab26331570213) Importer(815301076,1909f56bfc062723c751e8b465ee728b)  -> (artifact id: 'c7cc32f13a932e18b00e7798155703fc') in 0.030119 seconds 
  Import took 0.035296 seconds .

========================================================================
Received Import Request.
  Time since last request: 1.592178 seconds.
  path: Assets/RedCube.prefab
  artifactKey: Guid(aadf8a93211d1434199ab26331570213) Importer(815301076,1909f56bfc062723c751e8b465ee728b)
Start importing Assets/RedCube.prefab using Guid(aadf8a93211d1434199ab26331570213) Importer(815301076,1909f56bfc062723c751e8b465ee728b)  -> (artifact id: '258c9643f386a959b84aae3376abcbbc') in 0.025448 seconds 
  Import took 0.032564 seconds .

========================================================================
Received Import Request.
  Time since last request: 124.458376 seconds.
  path: Assets/GameScripts
  artifactKey: Guid(390b4f0c4079cb545939d1adeeb9bf39) Importer(815301076,1909f56bfc062723c751e8b465ee728b)
Start importing Assets/GameScripts using Guid(390b4f0c4079cb545939d1adeeb9bf39) Importer(815301076,1909f56bfc062723c751e8b465ee728b)  -> (artifact id: 'a6db141785d45dca3d4653a1a041fa99') in 0.014214 seconds 
  Import took 0.021294 seconds .

========================================================================
Received Import Request.
  Time since last request: 14.918842 seconds.
  path: Assets/GameScripts/StarGame.cs
  artifactKey: Guid(59cfa4ad41a316d41be2c14a80a56c64) Importer(815301076,1909f56bfc062723c751e8b465ee728b)
Start importing Assets/GameScripts/StarGame.cs using Guid(59cfa4ad41a316d41be2c14a80a56c64) Importer(815301076,1909f56bfc062723c751e8b465ee728b)  -> (artifact id: '2c2f228b5f8fd67acf64f40437583925') in 0.014982 seconds 
  Import took 0.019946 seconds .

========================================================================
Received Prepare
Registering precompiled user dll's ...
Registered in 0.004004 seconds.
Begin MonoManager ReloadAssembly
Native extension for WindowsStandalone target not found
Native extension for WebGL target not found
Refreshing native plugins compatible for Editor in 0.53 ms, found 2 plugins.
Preloading 0 native plugins for Editor in 0.00 ms.
Mono: successfully reloaded assembly
- Completed reload, in  2.048 seconds
Domain Reload Profiling:
	ReloadAssembly (2049ms)
		BeginReloadAssembly (213ms)
			ExecutionOrderSort (0ms)
			DisableScriptedObjects (8ms)
			BackupInstance (0ms)
			ReleaseScriptingObjects (0ms)
			CreateAndSetChildDomain (54ms)
		EndReloadAssembly (1715ms)
			LoadAssemblies (177ms)
			RebuildTransferFunctionScriptingTraits (0ms)
			SetupTypeCache (544ms)
			ReleaseScriptCaches (1ms)
			RebuildScriptCaches (76ms)
			SetupLoadedEditorAssemblies (738ms)
				LogAssemblyErrors (0ms)
				InitializePlatformSupportModulesInManaged (12ms)
				SetLoadedEditorAssemblies (1ms)
				RefreshPlugins (1ms)
				BeforeProcessingInitializeOnLoad (96ms)
				ProcessInitializeOnLoadAttributes (611ms)
				ProcessInitializeOnLoadMethodAttributes (7ms)
				AfterProcessingInitializeOnLoad (11ms)
				EditorAssembliesLoaded (1ms)
			ExecutionOrderSort2 (0ms)
			AwakeInstancesAfterBackupRestoration (14ms)
Platform modules already initialized, skipping
Refreshing native plugins compatible for Editor in 0.62 ms, found 2 plugins.
Preloading 0 native plugins for Editor in 0.00 ms.
Unloading 1397 Unused Serialized files (Serialized files now loaded: 0)
System memory in use before: 80.5 MB.
System memory in use after: 80.6 MB.

Unloading 14 unused Assets to reduce memory usage. Loaded Objects now: 1907.
Total: 5.539900 ms (FindLiveObjects: 0.218400 ms CreateObjectMapping: 0.071600 ms MarkObjects: 5.136500 ms  DeleteObjects: 0.111300 ms)

AssetImportParameters requested are different than current active one (requested -> active):
  custom:framework-win-MediaFoundation: 216162199b28c13a410421893ffa2e32 -> 
  custom:video-decoder-ogg-theora: a1e56fd34408186e4bbccfd4996cb3dc -> 
  custom:container-muxer-webm: aa71ff27fc2769a1b78a27578f13a17b -> 
  custom:container-demuxer-webm: 4f35f7cbe854078d1ac9338744f61a02 -> 
  custom:container-demuxer-ogg: 62fdf1f143b41e24485cea50d1cbac27 -> 
  custom:video-encoder-webm-vp8: eb34c28f22e8b96e1ab97ce403110664 -> 
  custom:video-decoder-webm-vp8: 9c59270c3fd7afecdb556c50c9e8de78 -> 
  custom:audio-decoder-ogg-vorbis: bf7c407c2cedff20999df2af8eb42d56 -> 
  custom:audio-encoder-webm-vorbis: bf7c407c2cedff20999df2af8eb42d56 -> 
========================================================================
Received Import Request.
  Time since last request: 10.489596 seconds.
  path: Assets/GameScripts/StartGame.cs
  artifactKey: Guid(59cfa4ad41a316d41be2c14a80a56c64) Importer(815301076,1909f56bfc062723c751e8b465ee728b)
Start importing Assets/GameScripts/StartGame.cs using Guid(59cfa4ad41a316d41be2c14a80a56c64) Importer(815301076,1909f56bfc062723c751e8b465ee728b)  -> (artifact id: '8689b7472795edff326eb6c29bfd92ad') in 0.023832 seconds 
  Import took 0.028703 seconds .

========================================================================
Received Import Request.
  Time since last request: 0.033842 seconds.
  path: Assets/GameScripts/StartGame.cs
  artifactKey: Guid(59cfa4ad41a316d41be2c14a80a56c64) Importer(815301076,1909f56bfc062723c751e8b465ee728b)
Start importing Assets/GameScripts/StartGame.cs using Guid(59cfa4ad41a316d41be2c14a80a56c64) Importer(815301076,1909f56bfc062723c751e8b465ee728b)  -> (artifact id: '8689b7472795edff326eb6c29bfd92ad') in 0.003568 seconds 
  Import took 0.010103 seconds .

========================================================================
Received Prepare
Registering precompiled user dll's ...
Registered in 0.002735 seconds.
Begin MonoManager ReloadAssembly
Native extension for WindowsStandalone target not found
Native extension for WebGL target not found
Refreshing native plugins compatible for Editor in 0.55 ms, found 2 plugins.
Preloading 0 native plugins for Editor in 0.00 ms.
Mono: successfully reloaded assembly
- Completed reload, in  2.132 seconds
Domain Reload Profiling:
	ReloadAssembly (2132ms)
		BeginReloadAssembly (200ms)
			ExecutionOrderSort (0ms)
			DisableScriptedObjects (8ms)
			BackupInstance (0ms)
			ReleaseScriptingObjects (0ms)
			CreateAndSetChildDomain (47ms)
		EndReloadAssembly (1787ms)
			LoadAssemblies (180ms)
			RebuildTransferFunctionScriptingTraits (0ms)
			SetupTypeCache (568ms)
			ReleaseScriptCaches (1ms)
			RebuildScriptCaches (75ms)
			SetupLoadedEditorAssemblies (767ms)
				LogAssemblyErrors (0ms)
				InitializePlatformSupportModulesInManaged (13ms)
				SetLoadedEditorAssemblies (1ms)
				RefreshPlugins (1ms)
				BeforeProcessingInitializeOnLoad (99ms)
				ProcessInitializeOnLoadAttributes (629ms)
				ProcessInitializeOnLoadMethodAttributes (10ms)
				AfterProcessingInitializeOnLoad (14ms)
				EditorAssembliesLoaded (0ms)
			ExecutionOrderSort2 (0ms)
			AwakeInstancesAfterBackupRestoration (13ms)
Platform modules already initialized, skipping
Refreshing native plugins compatible for Editor in 0.61 ms, found 2 plugins.
Preloading 0 native plugins for Editor in 0.00 ms.
Unloading 1397 Unused Serialized files (Serialized files now loaded: 0)
System memory in use before: 80.5 MB.
System memory in use after: 80.6 MB.

Unloading 13 unused Assets to reduce memory usage. Loaded Objects now: 1909.
Total: 5.070800 ms (FindLiveObjects: 0.209800 ms CreateObjectMapping: 0.077400 ms MarkObjects: 4.740900 ms  DeleteObjects: 0.040300 ms)

AssetImportParameters requested are different than current active one (requested -> active):
  custom:framework-win-MediaFoundation: 216162199b28c13a410421893ffa2e32 -> 
  custom:video-decoder-ogg-theora: a1e56fd34408186e4bbccfd4996cb3dc -> 
  custom:container-muxer-webm: aa71ff27fc2769a1b78a27578f13a17b -> 
  custom:container-demuxer-webm: 4f35f7cbe854078d1ac9338744f61a02 -> 
  custom:container-demuxer-ogg: 62fdf1f143b41e24485cea50d1cbac27 -> 
  custom:video-encoder-webm-vp8: eb34c28f22e8b96e1ab97ce403110664 -> 
  custom:video-decoder-webm-vp8: 9c59270c3fd7afecdb556c50c9e8de78 -> 
  custom:audio-decoder-ogg-vorbis: bf7c407c2cedff20999df2af8eb42d56 -> 
  custom:audio-encoder-webm-vorbis: bf7c407c2cedff20999df2af8eb42d56 -> 
========================================================================
Received Prepare
Registering precompiled user dll's ...
Registered in 0.005531 seconds.
Begin MonoManager ReloadAssembly
Native extension for WindowsStandalone target not found
Native extension for WebGL target not found
Refreshing native plugins compatible for Editor in 0.54 ms, found 2 plugins.
Preloading 0 native plugins for Editor in 0.00 ms.
Mono: successfully reloaded assembly
- Completed reload, in  2.077 seconds
Domain Reload Profiling:
	ReloadAssembly (2077ms)
		BeginReloadAssembly (197ms)
			ExecutionOrderSort (0ms)
			DisableScriptedObjects (10ms)
			BackupInstance (0ms)
			ReleaseScriptingObjects (0ms)
			CreateAndSetChildDomain (48ms)
		EndReloadAssembly (1751ms)
			LoadAssemblies (179ms)
			RebuildTransferFunctionScriptingTraits (0ms)
			SetupTypeCache (506ms)
			ReleaseScriptCaches (1ms)
			RebuildScriptCaches (81ms)
			SetupLoadedEditorAssemblies (775ms)
				LogAssemblyErrors (0ms)
				InitializePlatformSupportModulesInManaged (12ms)
				SetLoadedEditorAssemblies (1ms)
				RefreshPlugins (1ms)
				BeforeProcessingInitializeOnLoad (94ms)
				ProcessInitializeOnLoadAttributes (649ms)
				ProcessInitializeOnLoadMethodAttributes (7ms)
				AfterProcessingInitializeOnLoad (11ms)
				EditorAssembliesLoaded (1ms)
			ExecutionOrderSort2 (0ms)
			AwakeInstancesAfterBackupRestoration (14ms)
Platform modules already initialized, skipping
Refreshing native plugins compatible for Editor in 0.62 ms, found 2 plugins.
Preloading 0 native plugins for Editor in 0.00 ms.
Unloading 1397 Unused Serialized files (Serialized files now loaded: 0)
System memory in use before: 80.5 MB.
System memory in use after: 80.6 MB.

Unloading 13 unused Assets to reduce memory usage. Loaded Objects now: 1911.
Total: 6.024100 ms (FindLiveObjects: 0.227100 ms CreateObjectMapping: 0.068800 ms MarkObjects: 5.659000 ms  DeleteObjects: 0.066900 ms)

AssetImportParameters requested are different than current active one (requested -> active):
  custom:framework-win-MediaFoundation: 216162199b28c13a410421893ffa2e32 -> 
  custom:video-decoder-ogg-theora: a1e56fd34408186e4bbccfd4996cb3dc -> 
  custom:container-muxer-webm: aa71ff27fc2769a1b78a27578f13a17b -> 
  custom:container-demuxer-webm: 4f35f7cbe854078d1ac9338744f61a02 -> 
  custom:container-demuxer-ogg: 62fdf1f143b41e24485cea50d1cbac27 -> 
  custom:video-encoder-webm-vp8: eb34c28f22e8b96e1ab97ce403110664 -> 
  custom:video-decoder-webm-vp8: 9c59270c3fd7afecdb556c50c9e8de78 -> 
  custom:audio-decoder-ogg-vorbis: bf7c407c2cedff20999df2af8eb42d56 -> 
  custom:audio-encoder-webm-vorbis: bf7c407c2cedff20999df2af8eb42d56 -> 
========================================================================
Received Import Request.
  Time since last request: 23.899528 seconds.
  path: Assets/GameScripts/StartGame.cs
  artifactKey: Guid(59cfa4ad41a316d41be2c14a80a56c64) Importer(815301076,1909f56bfc062723c751e8b465ee728b)
Start importing Assets/GameScripts/StartGame.cs using Guid(59cfa4ad41a316d41be2c14a80a56c64) Importer(815301076,1909f56bfc062723c751e8b465ee728b)  -> (artifact id: 'b165ff27e66c3e3b66d1b482654d3f67') in 0.008180 seconds 
  Import took 0.014324 seconds .

========================================================================
Received Prepare
Registering precompiled user dll's ...
Registered in 0.005010 seconds.
Begin MonoManager ReloadAssembly
Native extension for WindowsStandalone target not found
Native extension for WebGL target not found
Refreshing native plugins compatible for Editor in 0.49 ms, found 2 plugins.
Preloading 0 native plugins for Editor in 0.00 ms.
Mono: successfully reloaded assembly
- Completed reload, in  2.124 seconds
Domain Reload Profiling:
	ReloadAssembly (2125ms)
		BeginReloadAssembly (195ms)
			ExecutionOrderSort (0ms)
			DisableScriptedObjects (8ms)
			BackupInstance (0ms)
			ReleaseScriptingObjects (0ms)
			CreateAndSetChildDomain (53ms)
		EndReloadAssembly (1779ms)
			LoadAssemblies (183ms)
			RebuildTransferFunctionScriptingTraits (0ms)
			SetupTypeCache (538ms)
			ReleaseScriptCaches (2ms)
			RebuildScriptCaches (81ms)
			SetupLoadedEditorAssemblies (781ms)
				LogAssemblyErrors (0ms)
				InitializePlatformSupportModulesInManaged (13ms)
				SetLoadedEditorAssemblies (1ms)
				RefreshPlugins (1ms)
				BeforeProcessingInitializeOnLoad (105ms)
				ProcessInitializeOnLoadAttributes (642ms)
				ProcessInitializeOnLoadMethodAttributes (7ms)
				AfterProcessingInitializeOnLoad (11ms)
				EditorAssembliesLoaded (1ms)
			ExecutionOrderSort2 (0ms)
			AwakeInstancesAfterBackupRestoration (15ms)
Platform modules already initialized, skipping
Refreshing native plugins compatible for Editor in 0.49 ms, found 2 plugins.
Preloading 0 native plugins for Editor in 0.00 ms.
Unloading 1397 Unused Serialized files (Serialized files now loaded: 0)
System memory in use before: 80.5 MB.
System memory in use after: 80.6 MB.

Unloading 13 unused Assets to reduce memory usage. Loaded Objects now: 1913.
Total: 7.462800 ms (FindLiveObjects: 0.301500 ms CreateObjectMapping: 0.123300 ms MarkObjects: 6.905400 ms  DeleteObjects: 0.129300 ms)

AssetImportParameters requested are different than current active one (requested -> active):
  custom:framework-win-MediaFoundation: 216162199b28c13a410421893ffa2e32 -> 
  custom:video-decoder-ogg-theora: a1e56fd34408186e4bbccfd4996cb3dc -> 
  custom:container-muxer-webm: aa71ff27fc2769a1b78a27578f13a17b -> 
  custom:container-demuxer-webm: 4f35f7cbe854078d1ac9338744f61a02 -> 
  custom:container-demuxer-ogg: 62fdf1f143b41e24485cea50d1cbac27 -> 
  custom:video-encoder-webm-vp8: eb34c28f22e8b96e1ab97ce403110664 -> 
  custom:video-decoder-webm-vp8: 9c59270c3fd7afecdb556c50c9e8de78 -> 
  custom:audio-decoder-ogg-vorbis: bf7c407c2cedff20999df2af8eb42d56 -> 
  custom:audio-encoder-webm-vorbis: bf7c407c2cedff20999df2af8eb42d56 -> 
========================================================================
Received Import Request.
  Time since last request: 24.570286 seconds.
  path: Assets/GameScripts/StartGame.cs
  artifactKey: Guid(59cfa4ad41a316d41be2c14a80a56c64) Importer(815301076,1909f56bfc062723c751e8b465ee728b)
Start importing Assets/GameScripts/StartGame.cs using Guid(59cfa4ad41a316d41be2c14a80a56c64) Importer(815301076,1909f56bfc062723c751e8b465ee728b)  -> (artifact id: 'ed3d9b0a521018c97590acbc3d7b4d19') in 0.008326 seconds 
  Import took 0.015241 seconds .

========================================================================
Received Import Request.
  Time since last request: 14.793151 seconds.
  path: Assets/GameScripts/StartGame.cs
  artifactKey: Guid(59cfa4ad41a316d41be2c14a80a56c64) Importer(815301076,1909f56bfc062723c751e8b465ee728b)
Start importing Assets/GameScripts/StartGame.cs using Guid(59cfa4ad41a316d41be2c14a80a56c64) Importer(815301076,1909f56bfc062723c751e8b465ee728b)  -> (artifact id: '2d259e981fdb91c551f1a07f7032d17f') in 0.005323 seconds 
  Import took 0.010812 seconds .

========================================================================
Received Prepare
Registering precompiled user dll's ...
Registered in 0.004962 seconds.
Begin MonoManager ReloadAssembly
Native extension for WindowsStandalone target not found
Native extension for WebGL target not found
Refreshing native plugins compatible for Editor in 0.91 ms, found 2 plugins.
Preloading 0 native plugins for Editor in 0.00 ms.
Mono: successfully reloaded assembly
- Completed reload, in  2.064 seconds
Domain Reload Profiling:
	ReloadAssembly (2065ms)
		BeginReloadAssembly (193ms)
			ExecutionOrderSort (0ms)
			DisableScriptedObjects (9ms)
			BackupInstance (0ms)
			ReleaseScriptingObjects (0ms)
			CreateAndSetChildDomain (52ms)
		EndReloadAssembly (1716ms)
			LoadAssemblies (175ms)
			RebuildTransferFunctionScriptingTraits (0ms)
			SetupTypeCache (508ms)
			ReleaseScriptCaches (1ms)
			RebuildScriptCaches (102ms)
			SetupLoadedEditorAssemblies (717ms)
				LogAssemblyErrors (0ms)
				InitializePlatformSupportModulesInManaged (14ms)
				SetLoadedEditorAssemblies (2ms)
				RefreshPlugins (1ms)
				BeforeProcessingInitializeOnLoad (106ms)
				ProcessInitializeOnLoadAttributes (577ms)
				ProcessInitializeOnLoadMethodAttributes (6ms)
				AfterProcessingInitializeOnLoad (11ms)
				EditorAssembliesLoaded (1ms)
			ExecutionOrderSort2 (0ms)
			AwakeInstancesAfterBackupRestoration (13ms)
Platform modules already initialized, skipping
Refreshing native plugins compatible for Editor in 0.49 ms, found 2 plugins.
Preloading 0 native plugins for Editor in 0.00 ms.
Unloading 1397 Unused Serialized files (Serialized files now loaded: 0)
System memory in use before: 80.5 MB.
System memory in use after: 80.6 MB.

Unloading 13 unused Assets to reduce memory usage. Loaded Objects now: 1915.
Total: 5.125500 ms (FindLiveObjects: 0.196800 ms CreateObjectMapping: 0.066900 ms MarkObjects: 4.797800 ms  DeleteObjects: 0.062100 ms)

AssetImportParameters requested are different than current active one (requested -> active):
  custom:framework-win-MediaFoundation: 216162199b28c13a410421893ffa2e32 -> 
  custom:video-decoder-ogg-theora: a1e56fd34408186e4bbccfd4996cb3dc -> 
  custom:container-muxer-webm: aa71ff27fc2769a1b78a27578f13a17b -> 
  custom:container-demuxer-webm: 4f35f7cbe854078d1ac9338744f61a02 -> 
  custom:container-demuxer-ogg: 62fdf1f143b41e24485cea50d1cbac27 -> 
  custom:video-encoder-webm-vp8: eb34c28f22e8b96e1ab97ce403110664 -> 
  custom:video-decoder-webm-vp8: 9c59270c3fd7afecdb556c50c9e8de78 -> 
  custom:audio-decoder-ogg-vorbis: bf7c407c2cedff20999df2af8eb42d56 -> 
  custom:audio-encoder-webm-vorbis: bf7c407c2cedff20999df2af8eb42d56 -> 
========================================================================
Received Import Request.
  Time since last request: 5.432379 seconds.
  path: Assets/GameScripts/StartGame.cs
  artifactKey: Guid(59cfa4ad41a316d41be2c14a80a56c64) Importer(815301076,1909f56bfc062723c751e8b465ee728b)
Start importing Assets/GameScripts/StartGame.cs using Guid(59cfa4ad41a316d41be2c14a80a56c64) Importer(815301076,1909f56bfc062723c751e8b465ee728b)  -> (artifact id: 'bbd227f0aab046e95287a9a7364c91ea') in 0.006947 seconds 
  Import took 0.013614 seconds .

========================================================================
Received Prepare
Registering precompiled user dll's ...
Registered in 0.004271 seconds.
Begin MonoManager ReloadAssembly
Native extension for WindowsStandalone target not found
Native extension for WebGL target not found
Refreshing native plugins compatible for Editor in 0.59 ms, found 2 plugins.
Preloading 0 native plugins for Editor in 0.00 ms.
Mono: successfully reloaded assembly
- Completed reload, in  1.967 seconds
Domain Reload Profiling:
	ReloadAssembly (1968ms)
		BeginReloadAssembly (202ms)
			ExecutionOrderSort (0ms)
			DisableScriptedObjects (9ms)
			BackupInstance (0ms)
			ReleaseScriptingObjects (0ms)
			CreateAndSetChildDomain (50ms)
		EndReloadAssembly (1635ms)
			LoadAssemblies (183ms)
			RebuildTransferFunctionScriptingTraits (0ms)
			SetupTypeCache (493ms)
			ReleaseScriptCaches (1ms)
			RebuildScriptCaches (74ms)
			SetupLoadedEditorAssemblies (716ms)
				LogAssemblyErrors (0ms)
				InitializePlatformSupportModulesInManaged (13ms)
				SetLoadedEditorAssemblies (1ms)
				RefreshPlugins (1ms)
				BeforeProcessingInitializeOnLoad (94ms)
				ProcessInitializeOnLoadAttributes (590ms)
				ProcessInitializeOnLoadMethodAttributes (7ms)
				AfterProcessingInitializeOnLoad (11ms)
				EditorAssembliesLoaded (1ms)
			ExecutionOrderSort2 (0ms)
			AwakeInstancesAfterBackupRestoration (14ms)
Platform modules already initialized, skipping
Refreshing native plugins compatible for Editor in 0.57 ms, found 2 plugins.
Preloading 0 native plugins for Editor in 0.00 ms.
Unloading 1397 Unused Serialized files (Serialized files now loaded: 0)
System memory in use before: 80.5 MB.
System memory in use after: 80.6 MB.

Unloading 13 unused Assets to reduce memory usage. Loaded Objects now: 1917.
Total: 5.317000 ms (FindLiveObjects: 0.209000 ms CreateObjectMapping: 0.093400 ms MarkObjects: 4.944800 ms  DeleteObjects: 0.067600 ms)

AssetImportParameters requested are different than current active one (requested -> active):
  custom:framework-win-MediaFoundation: 216162199b28c13a410421893ffa2e32 -> 
  custom:video-decoder-ogg-theora: a1e56fd34408186e4bbccfd4996cb3dc -> 
  custom:container-muxer-webm: aa71ff27fc2769a1b78a27578f13a17b -> 
  custom:container-demuxer-webm: 4f35f7cbe854078d1ac9338744f61a02 -> 
  custom:container-demuxer-ogg: 62fdf1f143b41e24485cea50d1cbac27 -> 
  custom:video-encoder-webm-vp8: eb34c28f22e8b96e1ab97ce403110664 -> 
  custom:video-decoder-webm-vp8: 9c59270c3fd7afecdb556c50c9e8de78 -> 
  custom:audio-decoder-ogg-vorbis: bf7c407c2cedff20999df2af8eb42d56 -> 
  custom:audio-encoder-webm-vorbis: bf7c407c2cedff20999df2af8eb42d56 -> 
========================================================================
Received Prepare
Registering precompiled user dll's ...
Registered in 0.002916 seconds.
Begin MonoManager ReloadAssembly
Native extension for WindowsStandalone target not found
Native extension for WebGL target not found
Refreshing native plugins compatible for Editor in 0.70 ms, found 2 plugins.
Preloading 0 native plugins for Editor in 0.00 ms.
Mono: successfully reloaded assembly
- Completed reload, in  2.382 seconds
Domain Reload Profiling:
	ReloadAssembly (2383ms)
		BeginReloadAssembly (263ms)
			ExecutionOrderSort (0ms)
			DisableScriptedObjects (8ms)
			BackupInstance (0ms)
			ReleaseScriptingObjects (0ms)
			CreateAndSetChildDomain (65ms)
		EndReloadAssembly (1928ms)
			LoadAssemblies (238ms)
			RebuildTransferFunctionScriptingTraits (0ms)
			SetupTypeCache (547ms)
			ReleaseScriptCaches (1ms)
			RebuildScriptCaches (88ms)
			SetupLoadedEditorAssemblies (903ms)
				LogAssemblyErrors (0ms)
				InitializePlatformSupportModulesInManaged (15ms)
				SetLoadedEditorAssemblies (1ms)
				RefreshPlugins (1ms)
				BeforeProcessingInitializeOnLoad (113ms)
				ProcessInitializeOnLoadAttributes (751ms)
				ProcessInitializeOnLoadMethodAttributes (9ms)
				AfterProcessingInitializeOnLoad (13ms)
				EditorAssembliesLoaded (1ms)
			ExecutionOrderSort2 (0ms)
			AwakeInstancesAfterBackupRestoration (18ms)
Platform modules already initialized, skipping
Refreshing native plugins compatible for Editor in 0.76 ms, found 2 plugins.
Preloading 0 native plugins for Editor in 0.00 ms.
Unloading 1397 Unused Serialized files (Serialized files now loaded: 0)
System memory in use before: 80.5 MB.
System memory in use after: 80.6 MB.

Unloading 13 unused Assets to reduce memory usage. Loaded Objects now: 1919.
Total: 6.285400 ms (FindLiveObjects: 0.213400 ms CreateObjectMapping: 0.089600 ms MarkObjects: 5.909500 ms  DeleteObjects: 0.070900 ms)

AssetImportParameters requested are different than current active one (requested -> active):
  custom:framework-win-MediaFoundation: 216162199b28c13a410421893ffa2e32 -> 
  custom:video-decoder-ogg-theora: a1e56fd34408186e4bbccfd4996cb3dc -> 
  custom:container-muxer-webm: aa71ff27fc2769a1b78a27578f13a17b -> 
  custom:container-demuxer-webm: 4f35f7cbe854078d1ac9338744f61a02 -> 
  custom:container-demuxer-ogg: 62fdf1f143b41e24485cea50d1cbac27 -> 
  custom:video-encoder-webm-vp8: eb34c28f22e8b96e1ab97ce403110664 -> 
  custom:video-decoder-webm-vp8: 9c59270c3fd7afecdb556c50c9e8de78 -> 
  custom:audio-decoder-ogg-vorbis: bf7c407c2cedff20999df2af8eb42d56 -> 
  custom:audio-encoder-webm-vorbis: bf7c407c2cedff20999df2af8eb42d56 -> 
========================================================================
Received Prepare
Registering precompiled user dll's ...
Registered in 0.004503 seconds.
Begin MonoManager ReloadAssembly
Native extension for WindowsStandalone target not found
Native extension for WebGL target not found
Refreshing native plugins compatible for Editor in 0.62 ms, found 2 plugins.
Preloading 0 native plugins for Editor in 0.00 ms.
Mono: successfully reloaded assembly
- Completed reload, in  2.062 seconds
Domain Reload Profiling:
	ReloadAssembly (2062ms)
		BeginReloadAssembly (214ms)
			ExecutionOrderSort (0ms)
			DisableScriptedObjects (10ms)
			BackupInstance (0ms)
			ReleaseScriptingObjects (0ms)
			CreateAndSetChildDomain (55ms)
		EndReloadAssembly (1726ms)
			LoadAssemblies (174ms)
			RebuildTransferFunctionScriptingTraits (0ms)
			SetupTypeCache (502ms)
			ReleaseScriptCaches (1ms)
			RebuildScriptCaches (100ms)
			SetupLoadedEditorAssemblies (740ms)
				LogAssemblyErrors (0ms)
				InitializePlatformSupportModulesInManaged (13ms)
				SetLoadedEditorAssemblies (1ms)
				RefreshPlugins (1ms)
				BeforeProcessingInitializeOnLoad (102ms)
				ProcessInitializeOnLoadAttributes (606ms)
				ProcessInitializeOnLoadMethodAttributes (7ms)
				AfterProcessingInitializeOnLoad (10ms)
				EditorAssembliesLoaded (0ms)
			ExecutionOrderSort2 (0ms)
			AwakeInstancesAfterBackupRestoration (13ms)
Platform modules already initialized, skipping
Refreshing native plugins compatible for Editor in 0.62 ms, found 2 plugins.
Preloading 0 native plugins for Editor in 0.00 ms.
Unloading 1397 Unused Serialized files (Serialized files now loaded: 0)
System memory in use before: 80.5 MB.
System memory in use after: 80.6 MB.

Unloading 13 unused Assets to reduce memory usage. Loaded Objects now: 1921.
Total: 5.322800 ms (FindLiveObjects: 0.201700 ms CreateObjectMapping: 0.073600 ms MarkObjects: 4.983000 ms  DeleteObjects: 0.062400 ms)

AssetImportParameters requested are different than current active one (requested -> active):
  custom:framework-win-MediaFoundation: 216162199b28c13a410421893ffa2e32 -> 
  custom:video-decoder-ogg-theora: a1e56fd34408186e4bbccfd4996cb3dc -> 
  custom:container-muxer-webm: aa71ff27fc2769a1b78a27578f13a17b -> 
  custom:container-demuxer-webm: 4f35f7cbe854078d1ac9338744f61a02 -> 
  custom:container-demuxer-ogg: 62fdf1f143b41e24485cea50d1cbac27 -> 
  custom:video-encoder-webm-vp8: eb34c28f22e8b96e1ab97ce403110664 -> 
  custom:video-decoder-webm-vp8: 9c59270c3fd7afecdb556c50c9e8de78 -> 
  custom:audio-decoder-ogg-vorbis: bf7c407c2cedff20999df2af8eb42d56 -> 
  custom:audio-encoder-webm-vorbis: bf7c407c2cedff20999df2af8eb42d56 -> 
========================================================================
Received Prepare
Registering precompiled user dll's ...
Registered in 0.004954 seconds.
Begin MonoManager ReloadAssembly
Native extension for WindowsStandalone target not found
Native extension for WebGL target not found
Refreshing native plugins compatible for Editor in 0.66 ms, found 2 plugins.
Preloading 0 native plugins for Editor in 0.00 ms.
Mono: successfully reloaded assembly
- Completed reload, in  2.170 seconds
Domain Reload Profiling:
	ReloadAssembly (2170ms)
		BeginReloadAssembly (218ms)
			ExecutionOrderSort (0ms)
			DisableScriptedObjects (10ms)
			BackupInstance (0ms)
			ReleaseScriptingObjects (0ms)
			CreateAndSetChildDomain (59ms)
		EndReloadAssembly (1824ms)
			LoadAssemblies (181ms)
			RebuildTransferFunctionScriptingTraits (0ms)
			SetupTypeCache (569ms)
			ReleaseScriptCaches (1ms)
			RebuildScriptCaches (84ms)
			SetupLoadedEditorAssemblies (784ms)
				LogAssemblyErrors (0ms)
				InitializePlatformSupportModulesInManaged (16ms)
				SetLoadedEditorAssemblies (2ms)
				RefreshPlugins (1ms)
				BeforeProcessingInitializeOnLoad (111ms)
				ProcessInitializeOnLoadAttributes (636ms)
				ProcessInitializeOnLoadMethodAttributes (7ms)
				AfterProcessingInitializeOnLoad (11ms)
				EditorAssembliesLoaded (0ms)
			ExecutionOrderSort2 (0ms)
			AwakeInstancesAfterBackupRestoration (15ms)
Platform modules already initialized, skipping
Refreshing native plugins compatible for Editor in 0.84 ms, found 2 plugins.
Preloading 0 native plugins for Editor in 0.00 ms.
Unloading 1397 Unused Serialized files (Serialized files now loaded: 0)
System memory in use before: 80.5 MB.
System memory in use after: 80.6 MB.

Unloading 13 unused Assets to reduce memory usage. Loaded Objects now: 1923.
Total: 5.747600 ms (FindLiveObjects: 0.239900 ms CreateObjectMapping: 0.068500 ms MarkObjects: 5.407700 ms  DeleteObjects: 0.029700 ms)

AssetImportParameters requested are different than current active one (requested -> active):
  custom:framework-win-MediaFoundation: 216162199b28c13a410421893ffa2e32 -> 
  custom:video-decoder-ogg-theora: a1e56fd34408186e4bbccfd4996cb3dc -> 
  custom:container-muxer-webm: aa71ff27fc2769a1b78a27578f13a17b -> 
  custom:container-demuxer-webm: 4f35f7cbe854078d1ac9338744f61a02 -> 
  custom:container-demuxer-ogg: 62fdf1f143b41e24485cea50d1cbac27 -> 
  custom:video-encoder-webm-vp8: eb34c28f22e8b96e1ab97ce403110664 -> 
  custom:video-decoder-webm-vp8: 9c59270c3fd7afecdb556c50c9e8de78 -> 
  custom:audio-decoder-ogg-vorbis: bf7c407c2cedff20999df2af8eb42d56 -> 
  custom:audio-encoder-webm-vorbis: bf7c407c2cedff20999df2af8eb42d56 -> 
========================================================================
Received Prepare
Registering precompiled user dll's ...
Registered in 0.007318 seconds.
Begin MonoManager ReloadAssembly
Native extension for WindowsStandalone target not found
Native extension for WebGL target not found
Refreshing native plugins compatible for Editor in 0.65 ms, found 2 plugins.
Preloading 0 native plugins for Editor in 0.00 ms.
Mono: successfully reloaded assembly
- Completed reload, in  2.340 seconds
Domain Reload Profiling:
	ReloadAssembly (2341ms)
		BeginReloadAssembly (268ms)
			ExecutionOrderSort (0ms)
			DisableScriptedObjects (8ms)
			BackupInstance (0ms)
			ReleaseScriptingObjects (0ms)
			CreateAndSetChildDomain (54ms)
		EndReloadAssembly (1942ms)
			LoadAssemblies (262ms)
			RebuildTransferFunctionScriptingTraits (0ms)
			SetupTypeCache (651ms)
			ReleaseScriptCaches (1ms)
			RebuildScriptCaches (89ms)
			SetupLoadedEditorAssemblies (785ms)
				LogAssemblyErrors (0ms)
				InitializePlatformSupportModulesInManaged (17ms)
				SetLoadedEditorAssemblies (1ms)
				RefreshPlugins (1ms)
				BeforeProcessingInitializeOnLoad (106ms)
				ProcessInitializeOnLoadAttributes (641ms)
				ProcessInitializeOnLoadMethodAttributes (8ms)
				AfterProcessingInitializeOnLoad (11ms)
				EditorAssembliesLoaded (1ms)
			ExecutionOrderSort2 (0ms)
			AwakeInstancesAfterBackupRestoration (15ms)
Platform modules already initialized, skipping
Refreshing native plugins compatible for Editor in 0.57 ms, found 2 plugins.
Preloading 0 native plugins for Editor in 0.00 ms.
Unloading 1397 Unused Serialized files (Serialized files now loaded: 0)
System memory in use before: 80.5 MB.
System memory in use after: 80.7 MB.

Unloading 13 unused Assets to reduce memory usage. Loaded Objects now: 1925.
Total: 5.383100 ms (FindLiveObjects: 0.207200 ms CreateObjectMapping: 0.067700 ms MarkObjects: 5.072400 ms  DeleteObjects: 0.033500 ms)

AssetImportParameters requested are different than current active one (requested -> active):
  custom:framework-win-MediaFoundation: 216162199b28c13a410421893ffa2e32 -> 
  custom:video-decoder-ogg-theora: a1e56fd34408186e4bbccfd4996cb3dc -> 
  custom:container-muxer-webm: aa71ff27fc2769a1b78a27578f13a17b -> 
  custom:container-demuxer-webm: 4f35f7cbe854078d1ac9338744f61a02 -> 
  custom:container-demuxer-ogg: 62fdf1f143b41e24485cea50d1cbac27 -> 
  custom:video-encoder-webm-vp8: eb34c28f22e8b96e1ab97ce403110664 -> 
  custom:video-decoder-webm-vp8: 9c59270c3fd7afecdb556c50c9e8de78 -> 
  custom:audio-decoder-ogg-vorbis: bf7c407c2cedff20999df2af8eb42d56 -> 
  custom:audio-encoder-webm-vorbis: bf7c407c2cedff20999df2af8eb42d56 -> 
========================================================================
Received Prepare
Registering precompiled user dll's ...
Registered in 0.005242 seconds.
Begin MonoManager ReloadAssembly
Native extension for WindowsStandalone target not found
Native extension for WebGL target not found
Refreshing native plugins compatible for Editor in 0.66 ms, found 2 plugins.
Preloading 0 native plugins for Editor in 0.00 ms.
Mono: successfully reloaded assembly
- Completed reload, in  2.179 seconds
Domain Reload Profiling:
	ReloadAssembly (2179ms)
		BeginReloadAssembly (235ms)
			ExecutionOrderSort (0ms)
			DisableScriptedObjects (8ms)
			BackupInstance (0ms)
			ReleaseScriptingObjects (0ms)
			CreateAndSetChildDomain (74ms)
		EndReloadAssembly (1809ms)
			LoadAssemblies (195ms)
			RebuildTransferFunctionScriptingTraits (0ms)
			SetupTypeCache (545ms)
			ReleaseScriptCaches (1ms)
			RebuildScriptCaches (76ms)
			SetupLoadedEditorAssemblies (826ms)
				LogAssemblyErrors (0ms)
				InitializePlatformSupportModulesInManaged (12ms)
				SetLoadedEditorAssemblies (1ms)
				RefreshPlugins (1ms)
				BeforeProcessingInitializeOnLoad (144ms)
				ProcessInitializeOnLoadAttributes (642ms)
				ProcessInitializeOnLoadMethodAttributes (8ms)
				AfterProcessingInitializeOnLoad (17ms)
				EditorAssembliesLoaded (1ms)
			ExecutionOrderSort2 (0ms)
			AwakeInstancesAfterBackupRestoration (17ms)
Platform modules already initialized, skipping
Refreshing native plugins compatible for Editor in 0.78 ms, found 2 plugins.
Preloading 0 native plugins for Editor in 0.00 ms.
Unloading 1397 Unused Serialized files (Serialized files now loaded: 0)
System memory in use before: 80.5 MB.
System memory in use after: 80.7 MB.

Unloading 13 unused Assets to reduce memory usage. Loaded Objects now: 1927.
Total: 4.882500 ms (FindLiveObjects: 0.227600 ms CreateObjectMapping: 0.072400 ms MarkObjects: 4.499400 ms  DeleteObjects: 0.081500 ms)

AssetImportParameters requested are different than current active one (requested -> active):
  custom:framework-win-MediaFoundation: 216162199b28c13a410421893ffa2e32 -> 
  custom:video-decoder-ogg-theora: a1e56fd34408186e4bbccfd4996cb3dc -> 
  custom:container-muxer-webm: aa71ff27fc2769a1b78a27578f13a17b -> 
  custom:container-demuxer-webm: 4f35f7cbe854078d1ac9338744f61a02 -> 
  custom:container-demuxer-ogg: 62fdf1f143b41e24485cea50d1cbac27 -> 
  custom:video-encoder-webm-vp8: eb34c28f22e8b96e1ab97ce403110664 -> 
  custom:video-decoder-webm-vp8: 9c59270c3fd7afecdb556c50c9e8de78 -> 
  custom:audio-decoder-ogg-vorbis: bf7c407c2cedff20999df2af8eb42d56 -> 
  custom:audio-encoder-webm-vorbis: bf7c407c2cedff20999df2af8eb42d56 -> 
========================================================================
Received Prepare
Registering precompiled user dll's ...
Registered in 0.004195 seconds.
Begin MonoManager ReloadAssembly
Native extension for WindowsStandalone target not found
Native extension for WebGL target not found
Refreshing native plugins compatible for Editor in 0.62 ms, found 2 plugins.
Preloading 0 native plugins for Editor in 0.00 ms.
Mono: successfully reloaded assembly
- Completed reload, in  2.109 seconds
Domain Reload Profiling:
	ReloadAssembly (2110ms)
		BeginReloadAssembly (212ms)
			ExecutionOrderSort (0ms)
			DisableScriptedObjects (9ms)
			BackupInstance (0ms)
			ReleaseScriptingObjects (0ms)
			CreateAndSetChildDomain (58ms)
		EndReloadAssembly (1764ms)
			LoadAssemblies (185ms)
			RebuildTransferFunctionScriptingTraits (0ms)
			SetupTypeCache (569ms)
			ReleaseScriptCaches (1ms)
			RebuildScriptCaches (80ms)
			SetupLoadedEditorAssemblies (747ms)
				LogAssemblyErrors (0ms)
				InitializePlatformSupportModulesInManaged (13ms)
				SetLoadedEditorAssemblies (1ms)
				RefreshPlugins (1ms)
				BeforeProcessingInitializeOnLoad (96ms)
				ProcessInitializeOnLoadAttributes (618ms)
				ProcessInitializeOnLoadMethodAttributes (7ms)
				AfterProcessingInitializeOnLoad (10ms)
				EditorAssembliesLoaded (0ms)
			ExecutionOrderSort2 (0ms)
			AwakeInstancesAfterBackupRestoration (13ms)
Platform modules already initialized, skipping
Refreshing native plugins compatible for Editor in 0.62 ms, found 2 plugins.
Preloading 0 native plugins for Editor in 0.00 ms.
Unloading 1397 Unused Serialized files (Serialized files now loaded: 0)
System memory in use before: 80.6 MB.
System memory in use after: 80.7 MB.

Unloading 13 unused Assets to reduce memory usage. Loaded Objects now: 1929.
Total: 5.761700 ms (FindLiveObjects: 0.228400 ms CreateObjectMapping: 0.068100 ms MarkObjects: 5.401600 ms  DeleteObjects: 0.061800 ms)

AssetImportParameters requested are different than current active one (requested -> active):
  custom:framework-win-MediaFoundation: 216162199b28c13a410421893ffa2e32 -> 
  custom:video-decoder-ogg-theora: a1e56fd34408186e4bbccfd4996cb3dc -> 
  custom:container-muxer-webm: aa71ff27fc2769a1b78a27578f13a17b -> 
  custom:container-demuxer-webm: 4f35f7cbe854078d1ac9338744f61a02 -> 
  custom:container-demuxer-ogg: 62fdf1f143b41e24485cea50d1cbac27 -> 
  custom:video-encoder-webm-vp8: eb34c28f22e8b96e1ab97ce403110664 -> 
  custom:video-decoder-webm-vp8: 9c59270c3fd7afecdb556c50c9e8de78 -> 
  custom:audio-decoder-ogg-vorbis: bf7c407c2cedff20999df2af8eb42d56 -> 
  custom:audio-encoder-webm-vorbis: bf7c407c2cedff20999df2af8eb42d56 -> 
========================================================================
Received Import Request.
  Time since last request: 762.146635 seconds.
  path: Assets/GreenCube.prefab
  artifactKey: Guid(9ce5dde3fdbc7294ebc51a7a6f731965) Importer(815301076,1909f56bfc062723c751e8b465ee728b)
Start importing Assets/GreenCube.prefab using Guid(9ce5dde3fdbc7294ebc51a7a6f731965) Importer(815301076,1909f56bfc062723c751e8b465ee728b)  -> (artifact id: 'fb122c4f63da19261d2632dc350d3a59') in 0.125678 seconds 
  Import took 0.130736 seconds .

========================================================================
Received Import Request.
  Time since last request: 142.882817 seconds.
  path: Assets/RedCube.prefab
  artifactKey: Guid(aadf8a93211d1434199ab26331570213) Importer(815301076,1909f56bfc062723c751e8b465ee728b)
Start importing Assets/RedCube.prefab using Guid(aadf8a93211d1434199ab26331570213) Importer(815301076,1909f56bfc062723c751e8b465ee728b)  -> (artifact id: '3d8bbe700e07a2244c3b688659a077b0') in 0.029128 seconds 
  Import took 0.034963 seconds .

========================================================================
Received Prepare
Registering precompiled user dll's ...
Registered in 0.004088 seconds.
Begin MonoManager ReloadAssembly
Native extension for WindowsStandalone target not found
Native extension for WebGL target not found
Refreshing native plugins compatible for Editor in 0.50 ms, found 2 plugins.
Preloading 0 native plugins for Editor in 0.00 ms.
Mono: successfully reloaded assembly
- Completed reload, in  2.048 seconds
Domain Reload Profiling:
	ReloadAssembly (2049ms)
		BeginReloadAssembly (222ms)
			ExecutionOrderSort (0ms)
			DisableScriptedObjects (8ms)
			BackupInstance (0ms)
			ReleaseScriptingObjects (0ms)
			CreateAndSetChildDomain (69ms)
		EndReloadAssembly (1699ms)
			LoadAssemblies (187ms)
			RebuildTransferFunctionScriptingTraits (0ms)
			SetupTypeCache (497ms)
			ReleaseScriptCaches (1ms)
			RebuildScriptCaches (74ms)
			SetupLoadedEditorAssemblies (764ms)
				LogAssemblyErrors (0ms)
				InitializePlatformSupportModulesInManaged (13ms)
				SetLoadedEditorAssemblies (1ms)
				RefreshPlugins (1ms)
				BeforeProcessingInitializeOnLoad (98ms)
				ProcessInitializeOnLoadAttributes (630ms)
				ProcessInitializeOnLoadMethodAttributes (8ms)
				AfterProcessingInitializeOnLoad (13ms)
				EditorAssembliesLoaded (1ms)
			ExecutionOrderSort2 (0ms)
			AwakeInstancesAfterBackupRestoration (17ms)
Platform modules already initialized, skipping
Refreshing native plugins compatible for Editor in 0.49 ms, found 2 plugins.
Preloading 0 native plugins for Editor in 0.00 ms.
Unloading 1397 Unused Serialized files (Serialized files now loaded: 0)
System memory in use before: 80.6 MB.
System memory in use after: 80.7 MB.

Unloading 13 unused Assets to reduce memory usage. Loaded Objects now: 1932.
Total: 6.149500 ms (FindLiveObjects: 0.230900 ms CreateObjectMapping: 0.069000 ms MarkObjects: 5.781300 ms  DeleteObjects: 0.066000 ms)

AssetImportParameters requested are different than current active one (requested -> active):
  custom:framework-win-MediaFoundation: 216162199b28c13a410421893ffa2e32 -> 
  custom:video-decoder-ogg-theora: a1e56fd34408186e4bbccfd4996cb3dc -> 
  custom:container-muxer-webm: aa71ff27fc2769a1b78a27578f13a17b -> 
  custom:container-demuxer-webm: 4f35f7cbe854078d1ac9338744f61a02 -> 
  custom:container-demuxer-ogg: 62fdf1f143b41e24485cea50d1cbac27 -> 
  custom:video-encoder-webm-vp8: eb34c28f22e8b96e1ab97ce403110664 -> 
  custom:video-decoder-webm-vp8: 9c59270c3fd7afecdb556c50c9e8de78 -> 
  custom:audio-decoder-ogg-vorbis: bf7c407c2cedff20999df2af8eb42d56 -> 
  custom:audio-encoder-webm-vorbis: bf7c407c2cedff20999df2af8eb42d56 -> 
========================================================================
Received Import Request.
  Time since last request: 9.963995 seconds.
  path: Assets/GreenCube.prefab
  artifactKey: Guid(9ce5dde3fdbc7294ebc51a7a6f731965) Importer(815301076,1909f56bfc062723c751e8b465ee728b)
Start importing Assets/GreenCube.prefab using Guid(9ce5dde3fdbc7294ebc51a7a6f731965) Importer(815301076,1909f56bfc062723c751e8b465ee728b)  -> (artifact id: 'dd47336ae224538fae465b95055e4795') in 0.119548 seconds 
  Import took 0.124668 seconds .

========================================================================
Received Import Request.
  Time since last request: 6.144938 seconds.
  path: Assets/GreenCube.prefab
  artifactKey: Guid(9ce5dde3fdbc7294ebc51a7a6f731965) Importer(815301076,1909f56bfc062723c751e8b465ee728b)
Start importing Assets/GreenCube.prefab using Guid(9ce5dde3fdbc7294ebc51a7a6f731965) Importer(815301076,1909f56bfc062723c751e8b465ee728b)  -> (artifact id: '25e2bfeb67c4c85ab086beefdf820426') in 0.017950 seconds 
  Import took 0.023287 seconds .

========================================================================
Received Import Request.
  Time since last request: 6.068471 seconds.
  path: Assets/RedCube.prefab
  artifactKey: Guid(aadf8a93211d1434199ab26331570213) Importer(815301076,1909f56bfc062723c751e8b465ee728b)
Start importing Assets/RedCube.prefab using Guid(aadf8a93211d1434199ab26331570213) Importer(815301076,1909f56bfc062723c751e8b465ee728b)  -> (artifact id: 'c4d5a67320d7fa76eee72b7a1f42c0aa') in 0.027387 seconds 
  Import took 0.033053 seconds .

========================================================================
Received Prepare
Registering precompiled user dll's ...
Registered in 0.004188 seconds.
Begin MonoManager ReloadAssembly
Native extension for WindowsStandalone target not found
Native extension for WebGL target not found
Refreshing native plugins compatible for Editor in 0.52 ms, found 2 plugins.
Preloading 0 native plugins for Editor in 0.00 ms.
Mono: successfully reloaded assembly
- Completed reload, in  2.051 seconds
Domain Reload Profiling:
	ReloadAssembly (2052ms)
		BeginReloadAssembly (231ms)
			ExecutionOrderSort (0ms)
			DisableScriptedObjects (7ms)
			BackupInstance (0ms)
			ReleaseScriptingObjects (0ms)
			CreateAndSetChildDomain (74ms)
		EndReloadAssembly (1674ms)
			LoadAssemblies (198ms)
			RebuildTransferFunctionScriptingTraits (0ms)
			SetupTypeCache (502ms)
			ReleaseScriptCaches (1ms)
			RebuildScriptCaches (75ms)
			SetupLoadedEditorAssemblies (713ms)
				LogAssemblyErrors (0ms)
				InitializePlatformSupportModulesInManaged (20ms)
				SetLoadedEditorAssemblies (1ms)
				RefreshPlugins (1ms)
				BeforeProcessingInitializeOnLoad (99ms)
				ProcessInitializeOnLoadAttributes (575ms)
				ProcessInitializeOnLoadMethodAttributes (7ms)
				AfterProcessingInitializeOnLoad (11ms)
				EditorAssembliesLoaded (1ms)
			ExecutionOrderSort2 (0ms)
			AwakeInstancesAfterBackupRestoration (14ms)
Platform modules already initialized, skipping
Refreshing native plugins compatible for Editor in 0.56 ms, found 2 plugins.
Preloading 0 native plugins for Editor in 0.00 ms.
Unloading 1397 Unused Serialized files (Serialized files now loaded: 0)
System memory in use before: 80.6 MB.
System memory in use after: 80.7 MB.

Unloading 13 unused Assets to reduce memory usage. Loaded Objects now: 1935.
Total: 5.644100 ms (FindLiveObjects: 0.278600 ms CreateObjectMapping: 0.068500 ms MarkObjects: 5.218000 ms  DeleteObjects: 0.076900 ms)

AssetImportParameters requested are different than current active one (requested -> active):
  custom:framework-win-MediaFoundation: 216162199b28c13a410421893ffa2e32 -> 
  custom:video-decoder-ogg-theora: a1e56fd34408186e4bbccfd4996cb3dc -> 
  custom:container-muxer-webm: aa71ff27fc2769a1b78a27578f13a17b -> 
  custom:container-demuxer-webm: 4f35f7cbe854078d1ac9338744f61a02 -> 
  custom:container-demuxer-ogg: 62fdf1f143b41e24485cea50d1cbac27 -> 
  custom:video-encoder-webm-vp8: eb34c28f22e8b96e1ab97ce403110664 -> 
  custom:video-decoder-webm-vp8: 9c59270c3fd7afecdb556c50c9e8de78 -> 
  custom:audio-decoder-ogg-vorbis: bf7c407c2cedff20999df2af8eb42d56 -> 
  custom:audio-encoder-webm-vorbis: bf7c407c2cedff20999df2af8eb42d56 -> 
========================================================================
Received Prepare
Registering precompiled user dll's ...
Registered in 0.006902 seconds.
Begin MonoManager ReloadAssembly
Native extension for WindowsStandalone target not found
Native extension for WebGL target not found
Refreshing native plugins compatible for Editor in 0.70 ms, found 2 plugins.
Preloading 0 native plugins for Editor in 0.00 ms.
Mono: successfully reloaded assembly
- Completed reload, in  2.165 seconds
Domain Reload Profiling:
	ReloadAssembly (2166ms)
		BeginReloadAssembly (231ms)
			ExecutionOrderSort (0ms)
			DisableScriptedObjects (10ms)
			BackupInstance (0ms)
			ReleaseScriptingObjects (0ms)
			CreateAndSetChildDomain (63ms)
		EndReloadAssembly (1784ms)
			LoadAssemblies (188ms)
			RebuildTransferFunctionScriptingTraits (0ms)
			SetupTypeCache (549ms)
			ReleaseScriptCaches (1ms)
			RebuildScriptCaches (83ms)
			SetupLoadedEditorAssemblies (766ms)
				LogAssemblyErrors (0ms)
				InitializePlatformSupportModulesInManaged (14ms)
				SetLoadedEditorAssemblies (1ms)
				RefreshPlugins (1ms)
				BeforeProcessingInitializeOnLoad (97ms)
				ProcessInitializeOnLoadAttributes (634ms)
				ProcessInitializeOnLoadMethodAttributes (8ms)
				AfterProcessingInitializeOnLoad (11ms)
				EditorAssembliesLoaded (1ms)
			ExecutionOrderSort2 (0ms)
			AwakeInstancesAfterBackupRestoration (15ms)
Platform modules already initialized, skipping
Refreshing native plugins compatible for Editor in 0.71 ms, found 2 plugins.
Preloading 0 native plugins for Editor in 0.00 ms.
Unloading 1397 Unused Serialized files (Serialized files now loaded: 0)
System memory in use before: 80.6 MB.
System memory in use after: 80.7 MB.

Unloading 13 unused Assets to reduce memory usage. Loaded Objects now: 1937.
Total: 6.582600 ms (FindLiveObjects: 0.364600 ms CreateObjectMapping: 0.139900 ms MarkObjects: 5.985300 ms  DeleteObjects: 0.091100 ms)

AssetImportParameters requested are different than current active one (requested -> active):
  custom:framework-win-MediaFoundation: 216162199b28c13a410421893ffa2e32 -> 
  custom:video-decoder-ogg-theora: a1e56fd34408186e4bbccfd4996cb3dc -> 
  custom:container-muxer-webm: aa71ff27fc2769a1b78a27578f13a17b -> 
  custom:container-demuxer-webm: 4f35f7cbe854078d1ac9338744f61a02 -> 
  custom:container-demuxer-ogg: 62fdf1f143b41e24485cea50d1cbac27 -> 
  custom:video-encoder-webm-vp8: eb34c28f22e8b96e1ab97ce403110664 -> 
  custom:video-decoder-webm-vp8: 9c59270c3fd7afecdb556c50c9e8de78 -> 
  custom:audio-decoder-ogg-vorbis: bf7c407c2cedff20999df2af8eb42d56 -> 
  custom:audio-encoder-webm-vorbis: bf7c407c2cedff20999df2af8eb42d56 -> 
========================================================================
Received Import Request.
  Time since last request: 739.555386 seconds.
  path: Assets/RedCube.prefab
  artifactKey: Guid(aadf8a93211d1434199ab26331570213) Importer(815301076,1909f56bfc062723c751e8b465ee728b)
Start importing Assets/RedCube.prefab using Guid(aadf8a93211d1434199ab26331570213) Importer(815301076,1909f56bfc062723c751e8b465ee728b)  -> (artifact id: '162696df8b34cc5b1f5308dbc608cb6c') in 0.121505 seconds 
  Import took 0.128370 seconds .

========================================================================
Received Prepare
Registering precompiled user dll's ...
Registered in 0.002191 seconds.
Begin MonoManager ReloadAssembly
Native extension for WindowsStandalone target not found
Native extension for WebGL target not found
Refreshing native plugins compatible for Editor in 0.35 ms, found 2 plugins.
Preloading 0 native plugins for Editor in 0.00 ms.
Mono: successfully reloaded assembly
- Completed reload, in  0.911 seconds
Domain Reload Profiling:
	ReloadAssembly (911ms)
		BeginReloadAssembly (108ms)
			ExecutionOrderSort (0ms)
			DisableScriptedObjects (3ms)
			BackupInstance (0ms)
			ReleaseScriptingObjects (0ms)
			CreateAndSetChildDomain (30ms)
		EndReloadAssembly (750ms)
			LoadAssemblies (77ms)
			RebuildTransferFunctionScriptingTraits (0ms)
			SetupTypeCache (223ms)
			ReleaseScriptCaches (1ms)
			RebuildScriptCaches (32ms)
			SetupLoadedEditorAssemblies (327ms)
				LogAssemblyErrors (0ms)
				InitializePlatformSupportModulesInManaged (8ms)
				SetLoadedEditorAssemblies (0ms)
				RefreshPlugins (0ms)
				BeforeProcessingInitializeOnLoad (49ms)
				ProcessInitializeOnLoadAttributes (262ms)
				ProcessInitializeOnLoadMethodAttributes (3ms)
				AfterProcessingInitializeOnLoad (4ms)
				EditorAssembliesLoaded (0ms)
			ExecutionOrderSort2 (0ms)
			AwakeInstancesAfterBackupRestoration (6ms)
Platform modules already initialized, skipping
Refreshing native plugins compatible for Editor in 0.31 ms, found 2 plugins.
Preloading 0 native plugins for Editor in 0.00 ms.
Unloading 1397 Unused Serialized files (Serialized files now loaded: 0)
System memory in use before: 80.6 MB.
System memory in use after: 80.7 MB.

Unloading 13 unused Assets to reduce memory usage. Loaded Objects now: 1940.
Total: 2.296800 ms (FindLiveObjects: 0.114200 ms CreateObjectMapping: 0.035700 ms MarkObjects: 2.132100 ms  DeleteObjects: 0.014100 ms)

AssetImportParameters requested are different than current active one (requested -> active):
  custom:framework-win-MediaFoundation: 216162199b28c13a410421893ffa2e32 -> 
  custom:video-decoder-ogg-theora: a1e56fd34408186e4bbccfd4996cb3dc -> 
  custom:container-muxer-webm: aa71ff27fc2769a1b78a27578f13a17b -> 
  custom:container-demuxer-webm: 4f35f7cbe854078d1ac9338744f61a02 -> 
  custom:container-demuxer-ogg: 62fdf1f143b41e24485cea50d1cbac27 -> 
  custom:video-encoder-webm-vp8: eb34c28f22e8b96e1ab97ce403110664 -> 
  custom:video-decoder-webm-vp8: 9c59270c3fd7afecdb556c50c9e8de78 -> 
  custom:audio-decoder-ogg-vorbis: bf7c407c2cedff20999df2af8eb42d56 -> 
  custom:audio-encoder-webm-vorbis: bf7c407c2cedff20999df2af8eb42d56 -> 
========================================================================
Received Import Request.
  Time since last request: 974.931740 seconds.
  path: ProjectSettings/TagManager.asset
  artifactKey: Guid(00000000000000003000000000000000) Importer(815301076,1909f56bfc062723c751e8b465ee728b)
Start importing ProjectSettings/TagManager.asset using Guid(00000000000000003000000000000000) Importer(815301076,1909f56bfc062723c751e8b465ee728b)  -> (artifact id: 'ce6a35c3cddc746e7501c0bd0ed6d4ce') in 0.023662 seconds 
  Import took 0.027767 seconds .

========================================================================
Received Import Request.
  Time since last request: 21.610623 seconds.
  path: Assets/GreenCube.prefab
  artifactKey: Guid(9ce5dde3fdbc7294ebc51a7a6f731965) Importer(815301076,1909f56bfc062723c751e8b465ee728b)
Start importing Assets/GreenCube.prefab using Guid(9ce5dde3fdbc7294ebc51a7a6f731965) Importer(815301076,1909f56bfc062723c751e8b465ee728b)  -> (artifact id: '0528fe09529d3016ca5c409c4a0311cd') in 0.052418 seconds 
  Import took 0.056305 seconds .

========================================================================
Received Import Request.
  Time since last request: 54.410997 seconds.
  path: Assets/GreenCube.prefab
  artifactKey: Guid(9ce5dde3fdbc7294ebc51a7a6f731965) Importer(815301076,1909f56bfc062723c751e8b465ee728b)
Start importing Assets/GreenCube.prefab using Guid(9ce5dde3fdbc7294ebc51a7a6f731965) Importer(815301076,1909f56bfc062723c751e8b465ee728b)  -> (artifact id: '022297e686a126dcbbd00d9ef3d619c9') in 0.015577 seconds 
  Import took 0.019796 seconds .

========================================================================
Received Import Request.
  Time since last request: 0.003525 seconds.
  path: Assets/GreenCube.prefab
  artifactKey: Guid(9ce5dde3fdbc7294ebc51a7a6f731965) Importer(815301076,1909f56bfc062723c751e8b465ee728b)
Start importing Assets/GreenCube.prefab using Guid(9ce5dde3fdbc7294ebc51a7a6f731965) Importer(815301076,1909f56bfc062723c751e8b465ee728b)  -> (artifact id: '022297e686a126dcbbd00d9ef3d619c9') in 0.009679 seconds 
  Import took 0.013295 seconds .

========================================================================
Received Import Request.
  Time since last request: 22.252191 seconds.
  path: Assets/RedCube.prefab
  artifactKey: Guid(aadf8a93211d1434199ab26331570213) Importer(815301076,1909f56bfc062723c751e8b465ee728b)
Start importing Assets/RedCube.prefab using Guid(aadf8a93211d1434199ab26331570213) Importer(815301076,1909f56bfc062723c751e8b465ee728b)  -> (artifact id: '4dce466ba0820913b5740098920333b7') in 0.015240 seconds 
  Import took 0.018832 seconds .

========================================================================
Received Import Request.
  Time since last request: 0.001761 seconds.
  path: Assets/RedCube.prefab
  artifactKey: Guid(aadf8a93211d1434199ab26331570213) Importer(815301076,1909f56bfc062723c751e8b465ee728b)
Start importing Assets/RedCube.prefab using Guid(aadf8a93211d1434199ab26331570213) Importer(815301076,1909f56bfc062723c751e8b465ee728b)  -> (artifact id: '4dce466ba0820913b5740098920333b7') in 0.010415 seconds 
  Import took 0.014034 seconds .

========================================================================
Received Prepare
Registering precompiled user dll's ...
Registered in 0.001883 seconds.
Begin MonoManager ReloadAssembly
Native extension for WindowsStandalone target not found
Native extension for WebGL target not found
Refreshing native plugins compatible for Editor in 0.25 ms, found 2 plugins.
Preloading 0 native plugins for Editor in 0.00 ms.
Mono: successfully reloaded assembly
- Completed reload, in  0.973 seconds
Domain Reload Profiling:
	ReloadAssembly (974ms)
		BeginReloadAssembly (106ms)
			ExecutionOrderSort (0ms)
			DisableScriptedObjects (4ms)
			BackupInstance (0ms)
			ReleaseScriptingObjects (0ms)
			CreateAndSetChildDomain (29ms)
		EndReloadAssembly (801ms)
			LoadAssemblies (93ms)
			RebuildTransferFunctionScriptingTraits (0ms)
			SetupTypeCache (274ms)
			ReleaseScriptCaches (1ms)
			RebuildScriptCaches (51ms)
			SetupLoadedEditorAssemblies (317ms)
				LogAssemblyErrors (0ms)
				InitializePlatformSupportModulesInManaged (6ms)
				SetLoadedEditorAssemblies (0ms)
				RefreshPlugins (0ms)
				BeforeProcessingInitializeOnLoad (49ms)
				ProcessInitializeOnLoadAttributes (254ms)
				ProcessInitializeOnLoadMethodAttributes (3ms)
				AfterProcessingInitializeOnLoad (5ms)
				EditorAssembliesLoaded (0ms)
			ExecutionOrderSort2 (0ms)
			AwakeInstancesAfterBackupRestoration (6ms)
Platform modules already initialized, skipping
Refreshing native plugins compatible for Editor in 0.27 ms, found 2 plugins.
Preloading 0 native plugins for Editor in 0.00 ms.
Unloading 1397 Unused Serialized files (Serialized files now loaded: 0)
System memory in use before: 80.6 MB.
System memory in use after: 80.7 MB.

Unloading 14 unused Assets to reduce memory usage. Loaded Objects now: 1943.
Total: 4.004700 ms (FindLiveObjects: 0.124100 ms CreateObjectMapping: 0.039600 ms MarkObjects: 3.756000 ms  DeleteObjects: 0.065400 ms)

AssetImportParameters requested are different than current active one (requested -> active):
  custom:framework-win-MediaFoundation: 216162199b28c13a410421893ffa2e32 -> 
  custom:video-decoder-ogg-theora: a1e56fd34408186e4bbccfd4996cb3dc -> 
  custom:container-muxer-webm: aa71ff27fc2769a1b78a27578f13a17b -> 
  custom:container-demuxer-webm: 4f35f7cbe854078d1ac9338744f61a02 -> 
  custom:container-demuxer-ogg: 62fdf1f143b41e24485cea50d1cbac27 -> 
  custom:video-encoder-webm-vp8: eb34c28f22e8b96e1ab97ce403110664 -> 
  custom:video-decoder-webm-vp8: 9c59270c3fd7afecdb556c50c9e8de78 -> 
  custom:audio-decoder-ogg-vorbis: bf7c407c2cedff20999df2af8eb42d56 -> 
  custom:audio-encoder-webm-vorbis: bf7c407c2cedff20999df2af8eb42d56 -> 
========================================================================
Received Prepare
Registering precompiled user dll's ...
Registered in 0.005172 seconds.
Begin MonoManager ReloadAssembly
Native extension for WindowsStandalone target not found
Native extension for WebGL target not found
Refreshing native plugins compatible for Editor in 0.56 ms, found 2 plugins.
Preloading 0 native plugins for Editor in 0.00 ms.
Mono: successfully reloaded assembly
- Completed reload, in  2.028 seconds
Domain Reload Profiling:
	ReloadAssembly (2029ms)
		BeginReloadAssembly (230ms)
			ExecutionOrderSort (0ms)
			DisableScriptedObjects (9ms)
			BackupInstance (0ms)
			ReleaseScriptingObjects (0ms)
			CreateAndSetChildDomain (57ms)
		EndReloadAssembly (1673ms)
			LoadAssemblies (193ms)
			RebuildTransferFunctionScriptingTraits (0ms)
			SetupTypeCache (506ms)
			ReleaseScriptCaches (1ms)
			RebuildScriptCaches (77ms)
			SetupLoadedEditorAssemblies (725ms)
				LogAssemblyErrors (0ms)
				InitializePlatformSupportModulesInManaged (12ms)
				SetLoadedEditorAssemblies (1ms)
				RefreshPlugins (1ms)
				BeforeProcessingInitializeOnLoad (98ms)
				ProcessInitializeOnLoadAttributes (596ms)
				ProcessInitializeOnLoadMethodAttributes (7ms)
				AfterProcessingInitializeOnLoad (11ms)
				EditorAssembliesLoaded (1ms)
			ExecutionOrderSort2 (0ms)
			AwakeInstancesAfterBackupRestoration (15ms)
Platform modules already initialized, skipping
Refreshing native plugins compatible for Editor in 0.56 ms, found 2 plugins.
Preloading 0 native plugins for Editor in 0.00 ms.
Unloading 1397 Unused Serialized files (Serialized files now loaded: 0)
System memory in use before: 80.6 MB.
System memory in use after: 80.7 MB.

Unloading 13 unused Assets to reduce memory usage. Loaded Objects now: 1945.
Total: 5.172200 ms (FindLiveObjects: 0.217800 ms CreateObjectMapping: 0.084100 ms MarkObjects: 4.806300 ms  DeleteObjects: 0.061800 ms)

AssetImportParameters requested are different than current active one (requested -> active):
  custom:framework-win-MediaFoundation: 216162199b28c13a410421893ffa2e32 -> 
  custom:video-decoder-ogg-theora: a1e56fd34408186e4bbccfd4996cb3dc -> 
  custom:container-muxer-webm: aa71ff27fc2769a1b78a27578f13a17b -> 
  custom:container-demuxer-webm: 4f35f7cbe854078d1ac9338744f61a02 -> 
  custom:container-demuxer-ogg: 62fdf1f143b41e24485cea50d1cbac27 -> 
  custom:video-encoder-webm-vp8: eb34c28f22e8b96e1ab97ce403110664 -> 
  custom:video-decoder-webm-vp8: 9c59270c3fd7afecdb556c50c9e8de78 -> 
  custom:audio-decoder-ogg-vorbis: bf7c407c2cedff20999df2af8eb42d56 -> 
  custom:audio-encoder-webm-vorbis: bf7c407c2cedff20999df2af8eb42d56 -> 
========================================================================
Received Import Request.
  Time since last request: 405.266627 seconds.
  path: Assets/GameScripts/StartGame.cs
  artifactKey: Guid(59cfa4ad41a316d41be2c14a80a56c64) Importer(815301076,1909f56bfc062723c751e8b465ee728b)
Start importing Assets/GameScripts/StartGame.cs using Guid(59cfa4ad41a316d41be2c14a80a56c64) Importer(815301076,1909f56bfc062723c751e8b465ee728b)  -> (artifact id: '8ed24b661f796472c1953fbffa5c63dc') in 0.007426 seconds 
  Import took 0.012391 seconds .

========================================================================
Received Import Request.
  Time since last request: 0.024555 seconds.
  path: Assets/GameScripts/StartGame.cs
  artifactKey: Guid(59cfa4ad41a316d41be2c14a80a56c64) Importer(815301076,1909f56bfc062723c751e8b465ee728b)
Start importing Assets/GameScripts/StartGame.cs using Guid(59cfa4ad41a316d41be2c14a80a56c64) Importer(815301076,1909f56bfc062723c751e8b465ee728b)  -> (artifact id: '8ed24b661f796472c1953fbffa5c63dc') in 0.003229 seconds 
  Import took 0.008428 seconds .

AssetImportWorkerClient::OnTransportError - code=2 error=End of file
