Using pre-set license
Built from '2020.3/staging' branch; Version is '2020.3.17f1 (a4537701e4ab) revision 10769271'; Using compiler version '192528614'; Build Type 'Release'
OS: 'Windows 10 Pro; OS build 19043.1288; Version 2009; 64bit' Language: 'ru' Physical Memory: 16086 MB
BatchMode: 1, IsHumanControllingUs: 0, StartBugReporterOnCrash: 0, Is64bit: 1, IsPro: 0

COMMAND LINE ARGUMENTS:
C:\Program Files\Unity\Hub\Editor\2020.3.17f1\Editor\Unity.exe
-adb2
-batchMode
-noUpm
-name
AssetImportWorker1
-projectPath
D:/Unity/Navigation
-logFile
Logs/AssetImportWorker1.log
-srvPort
64457
Successfully changed project path to: D:/Unity/Navigation
D:/Unity/Navigation
Using Asset Import Pipeline V2.
Refreshing native plugins compatible for Editor in 49.47 ms, found 2 plugins.
Preloading 0 native plugins for Editor in 0.00 ms.
Initialize engine version: 2020.3.17f1 (a4537701e4ab)
[Subsystems] Discovering subsystems at path C:/Program Files/Unity/Hub/Editor/2020.3.17f1/Editor/Data/Resources/UnitySubsystems
[Subsystems] Discovering subsystems at path D:/Unity/Navigation/Assets
GfxDevice: creating device client; threaded=0
Direct3D:
    Version:  Direct3D 11.0 [level 11.1]
    Renderer: Intel(R) UHD Graphics (ID=0x8a56)
    Vendor:   
    VRAM:     8043 MB
    Driver:   27.20.100.8853
Initialize mono
Mono path[0] = 'C:/Program Files/Unity/Hub/Editor/2020.3.17f1/Editor/Data/Managed'
Mono path[1] = 'C:/Program Files/Unity/Hub/Editor/2020.3.17f1/Editor/Data/MonoBleedingEdge/lib/mono/unityjit'
Mono config path = 'C:/Program Files/Unity/Hub/Editor/2020.3.17f1/Editor/Data/MonoBleedingEdge/etc'
Using monoOptions --debugger-agent=transport=dt_socket,embedding=1,server=y,suspend=n,address=127.0.0.1:56760
Begin MonoManager ReloadAssembly
Registering precompiled unity dll's ...
Register platform support module: C:/Program Files/Unity/Hub/Editor/2020.3.17f1/Editor/Data/PlaybackEngines/WebGLSupport/UnityEditor.WebGL.Extensions.dll
Register platform support module: C:/Program Files/Unity/Hub/Editor/2020.3.17f1/Editor/Data/PlaybackEngines/WindowsStandaloneSupport/UnityEditor.WindowsStandalone.Extensions.dll
Registered in 0.003806 seconds.
Native extension for WindowsStandalone target not found
Native extension for WebGL target not found
Refreshing native plugins compatible for Editor in 66.23 ms, found 2 plugins.
Preloading 0 native plugins for Editor in 0.00 ms.
Mono: successfully reloaded assembly
- Completed reload, in  2.527 seconds
Domain Reload Profiling:
	ReloadAssembly (2528ms)
		BeginReloadAssembly (122ms)
			ExecutionOrderSort (0ms)
			DisableScriptedObjects (0ms)
			BackupInstance (0ms)
			ReleaseScriptingObjects (0ms)
			CreateAndSetChildDomain (2ms)
		EndReloadAssembly (985ms)
			LoadAssemblies (118ms)
			RebuildTransferFunctionScriptingTraits (0ms)
			SetupTypeCache (365ms)
			ReleaseScriptCaches (0ms)
			RebuildScriptCaches (77ms)
			SetupLoadedEditorAssemblies (361ms)
				LogAssemblyErrors (0ms)
				InitializePlatformSupportModulesInManaged (12ms)
				SetLoadedEditorAssemblies (1ms)
				RefreshPlugins (66ms)
				BeforeProcessingInitializeOnLoad (19ms)
				ProcessInitializeOnLoadAttributes (205ms)
				ProcessInitializeOnLoadMethodAttributes (59ms)
				AfterProcessingInitializeOnLoad (0ms)
				EditorAssembliesLoaded (0ms)
			ExecutionOrderSort2 (0ms)
			AwakeInstancesAfterBackupRestoration (0ms)
Platform modules already initialized, skipping
Registering precompiled user dll's ...
Registered in 0.004305 seconds.
Begin MonoManager ReloadAssembly
Native extension for WindowsStandalone target not found
Native extension for WebGL target not found
Refreshing native plugins compatible for Editor in 0.74 ms, found 2 plugins.
Preloading 0 native plugins for Editor in 0.00 ms.
Mono: successfully reloaded assembly
- Completed reload, in  6.966 seconds
Domain Reload Profiling:
	ReloadAssembly (6977ms)
		BeginReloadAssembly (297ms)
			ExecutionOrderSort (0ms)
			DisableScriptedObjects (9ms)
			BackupInstance (0ms)
			ReleaseScriptingObjects (0ms)
			CreateAndSetChildDomain (34ms)
		EndReloadAssembly (6541ms)
			LoadAssemblies (2804ms)
			RebuildTransferFunctionScriptingTraits (0ms)
			SetupTypeCache (2087ms)
			ReleaseScriptCaches (1ms)
			RebuildScriptCaches (96ms)
			SetupLoadedEditorAssemblies (1323ms)
				LogAssemblyErrors (0ms)
				InitializePlatformSupportModulesInManaged (22ms)
				SetLoadedEditorAssemblies (1ms)
				RefreshPlugins (1ms)
				BeforeProcessingInitializeOnLoad (147ms)
				ProcessInitializeOnLoadAttributes (1131ms)
				ProcessInitializeOnLoadMethodAttributes (9ms)
				AfterProcessingInitializeOnLoad (11ms)
				EditorAssembliesLoaded (0ms)
			ExecutionOrderSort2 (0ms)
			AwakeInstancesAfterBackupRestoration (14ms)
Platform modules already initialized, skipping
========================================================================
Worker process is ready to serve import requests
Launched and connected shader compiler UnityShaderCompiler.exe after 0.18 seconds
Refreshing native plugins compatible for Editor in 0.57 ms, found 2 plugins.
Preloading 0 native plugins for Editor in 0.00 ms.
Unloading 1425 Unused Serialized files (Serialized files now loaded: 0)
System memory in use before: 77.9 MB.
System memory in use after: 78.0 MB.

Unloading 18 unused Assets to reduce memory usage. Loaded Objects now: 1872.
Total: 5.784100 ms (FindLiveObjects: 0.191200 ms CreateObjectMapping: 0.087000 ms MarkObjects: 5.309700 ms  DeleteObjects: 0.194900 ms)

AssetImportParameters requested are different than current active one (requested -> active):
  custom:framework-win-MediaFoundation: 216162199b28c13a410421893ffa2e32 -> 
  custom:video-decoder-ogg-theora: a1e56fd34408186e4bbccfd4996cb3dc -> 
  custom:container-muxer-webm: aa71ff27fc2769a1b78a27578f13a17b -> 
  custom:container-demuxer-webm: 4f35f7cbe854078d1ac9338744f61a02 -> 
  custom:container-demuxer-ogg: 62fdf1f143b41e24485cea50d1cbac27 -> 
  custom:video-encoder-webm-vp8: eb34c28f22e8b96e1ab97ce403110664 -> 
  custom:video-decoder-webm-vp8: 9c59270c3fd7afecdb556c50c9e8de78 -> 
  custom:audio-decoder-ogg-vorbis: bf7c407c2cedff20999df2af8eb42d56 -> 
  custom:audio-encoder-webm-vorbis: bf7c407c2cedff20999df2af8eb42d56 -> 
========================================================================
Received Import Request.
  path: Assets/Examples/Prefabs/DungeonTiles/Tile2.prefab
  artifactKey: Guid(ecf4f05d57d0b4d8aae8ee4c7cdc7ed3) Importer(815301076,1909f56bfc062723c751e8b465ee728b)
Start importing Assets/Examples/Prefabs/DungeonTiles/Tile2.prefab using Guid(ecf4f05d57d0b4d8aae8ee4c7cdc7ed3) Importer(815301076,1909f56bfc062723c751e8b465ee728b)  -> (artifact id: '176ae3385a89bf49589500749af8db38') in 0.237436 seconds 
  Import took 0.242819 seconds .

========================================================================
Received Import Request.
  Time since last request: 0.000592 seconds.
  path: Assets/Examples/Prefabs/DungeonTiles/Tile4.prefab
  artifactKey: Guid(90dfa7f7fe66347389d869f92b1b6a9f) Importer(815301076,1909f56bfc062723c751e8b465ee728b)
Start importing Assets/Examples/Prefabs/DungeonTiles/Tile4.prefab using Guid(90dfa7f7fe66347389d869f92b1b6a9f) Importer(815301076,1909f56bfc062723c751e8b465ee728b)  -> (artifact id: 'b2f668a0aff940fb940a3295e9df6610') in 0.040945 seconds 
  Import took 0.047130 seconds .

========================================================================
Received Import Request.
  Time since last request: 0.000498 seconds.
  path: Assets/Examples/Prefabs/Plank.prefab
  artifactKey: Guid(c9c7047f49d1a47f8b32b67338d4fc92) Importer(815301076,1909f56bfc062723c751e8b465ee728b)
Start importing Assets/Examples/Prefabs/Plank.prefab using Guid(c9c7047f49d1a47f8b32b67338d4fc92) Importer(815301076,1909f56bfc062723c751e8b465ee728b)  -> (artifact id: 'ce0ab40aa021183b7935565aa56df15b') in 0.048044 seconds 
  Import took 0.054310 seconds .

========================================================================
Received Import Request.
  Time since last request: 0.000686 seconds.
  path: Assets/Examples/Prefabs/DungeonTiles/Tile8.prefab
  artifactKey: Guid(29ceda01ee5384847a4e46a74595d08c) Importer(815301076,1909f56bfc062723c751e8b465ee728b)
Start importing Assets/Examples/Prefabs/DungeonTiles/Tile8.prefab using Guid(29ceda01ee5384847a4e46a74595d08c) Importer(815301076,1909f56bfc062723c751e8b465ee728b)  -> (artifact id: 'fdb01490f9f0a86abecb127680cb0deb') in 0.031738 seconds 
  Import took 0.038138 seconds .

========================================================================
Received Import Request.
  Time since last request: 0.000469 seconds.
  path: Assets/Examples/Prefabs/DungeonTiles/Tile9.prefab
  artifactKey: Guid(828a29cbf25f8441dabc6d11c2acb77b) Importer(815301076,1909f56bfc062723c751e8b465ee728b)
Start importing Assets/Examples/Prefabs/DungeonTiles/Tile9.prefab using Guid(828a29cbf25f8441dabc6d11c2acb77b) Importer(815301076,1909f56bfc062723c751e8b465ee728b)  -> (artifact id: '29eb30d585a0a5b56cdd77256795d5ba') in 0.033850 seconds 
  Import took 0.039344 seconds .

========================================================================
Received Import Request.
  Time since last request: 0.000387 seconds.
  path: Assets/Examples/Prefabs/DungeonTiles/Tile15.prefab
  artifactKey: Guid(ccf62cf2152f44840bc4038e037a7075) Importer(815301076,1909f56bfc062723c751e8b465ee728b)
Start importing Assets/Examples/Prefabs/DungeonTiles/Tile15.prefab using Guid(ccf62cf2152f44840bc4038e037a7075) Importer(815301076,1909f56bfc062723c751e8b465ee728b)  -> (artifact id: 'a5978040bdef238b4a76628d5e9ff97d') in 0.049106 seconds 
  Import took 0.055780 seconds .

========================================================================
Received Import Request.
  Time since last request: 0.000562 seconds.
  path: Assets/Examples/Prefabs/DungeonTiles/Tile10.prefab
  artifactKey: Guid(d8eccfbc35cf449459e0a29707a8601a) Importer(815301076,1909f56bfc062723c751e8b465ee728b)
Start importing Assets/Examples/Prefabs/DungeonTiles/Tile10.prefab using Guid(d8eccfbc35cf449459e0a29707a8601a) Importer(815301076,1909f56bfc062723c751e8b465ee728b)  -> (artifact id: '4067a869b3765c0c9d6420cc6d3648c4') in 0.039462 seconds 
  Import took 0.046082 seconds .

========================================================================
Received Import Request.
  Time since last request: 0.000458 seconds.
  path: Assets/Examples/Prefabs/DungeonTiles/Tile14.prefab
  artifactKey: Guid(9a4dcf0d36e2c40188dbb2e26e6bebb4) Importer(815301076,1909f56bfc062723c751e8b465ee728b)
Start importing Assets/Examples/Prefabs/DungeonTiles/Tile14.prefab using Guid(9a4dcf0d36e2c40188dbb2e26e6bebb4) Importer(815301076,1909f56bfc062723c751e8b465ee728b)  -> (artifact id: '4d35cd5aedbc53615cf4b8878e9a02aa') in 0.038232 seconds 
  Import took 0.046762 seconds .

========================================================================
Received Import Request.
  Time since last request: 0.000826 seconds.
  path: Assets/Examples/Prefabs/GroundTile.prefab
  artifactKey: Guid(c1f4492f15da844ebae2767c08ef4aab) Importer(815301076,1909f56bfc062723c751e8b465ee728b)
Start importing Assets/Examples/Prefabs/GroundTile.prefab using Guid(c1f4492f15da844ebae2767c08ef4aab) Importer(815301076,1909f56bfc062723c751e8b465ee728b)  -> (artifact id: 'b41ed9b090f120bcf20dc5c4a20ecde0') in 0.039365 seconds 
  Import took 0.045138 seconds .

========================================================================
Received Import Request.
  Time since last request: 0.000534 seconds.
  path: Assets/Examples/Prefabs/DungeonTiles/Tile12.prefab
  artifactKey: Guid(02a96c93422fc486489a73449bf5dc57) Importer(815301076,1909f56bfc062723c751e8b465ee728b)
Start importing Assets/Examples/Prefabs/DungeonTiles/Tile12.prefab using Guid(02a96c93422fc486489a73449bf5dc57) Importer(815301076,1909f56bfc062723c751e8b465ee728b)  -> (artifact id: '1b6a7a0b8848163cb27f30197d8ff7d5') in 0.029787 seconds 
  Import took 0.036307 seconds .

========================================================================
Received Import Request.
  Time since last request: 0.000657 seconds.
  path: Assets/Examples/Prefabs/DungeonTiles/Tile11.prefab
  artifactKey: Guid(d8f00be40153543d0ab1f0d99a74df6c) Importer(815301076,1909f56bfc062723c751e8b465ee728b)
Start importing Assets/Examples/Prefabs/DungeonTiles/Tile11.prefab using Guid(d8f00be40153543d0ab1f0d99a74df6c) Importer(815301076,1909f56bfc062723c751e8b465ee728b)  -> (artifact id: '1ce26cf41fed0457e43d0864af591118') in 0.026827 seconds 
  Import took 0.031499 seconds .

========================================================================
Received Import Request.
  Time since last request: 0.001029 seconds.
  path: Assets/Examples/Prefabs/DungeonTiles/Tile5.prefab
  artifactKey: Guid(5031ae0cd920f4015b78bf393dd8d327) Importer(815301076,1909f56bfc062723c751e8b465ee728b)
Start importing Assets/Examples/Prefabs/DungeonTiles/Tile5.prefab using Guid(5031ae0cd920f4015b78bf393dd8d327) Importer(815301076,1909f56bfc062723c751e8b465ee728b)  -> (artifact id: '585fbd943030ba454e40d8d4b5be1253') in 0.026801 seconds 
  Import took 0.033059 seconds .

========================================================================
Received Import Request.
  Time since last request: 0.000734 seconds.
  path: Assets/Examples/Prefabs/DungeonTiles/Tile7.prefab
  artifactKey: Guid(7af464697e0ab41a5be05dee6f5c2b73) Importer(815301076,1909f56bfc062723c751e8b465ee728b)
Start importing Assets/Examples/Prefabs/DungeonTiles/Tile7.prefab using Guid(7af464697e0ab41a5be05dee6f5c2b73) Importer(815301076,1909f56bfc062723c751e8b465ee728b)  -> (artifact id: '1f1a8b62043414ac987310a5e16ac22c') in 0.030317 seconds 
  Import took 0.037109 seconds .

========================================================================
Received Import Request.
  Time since last request: 0.000531 seconds.
  path: Assets/Examples/Prefabs/DungeonTiles/Tile13.prefab
  artifactKey: Guid(e161c87f6a4c3413c881fcb2dfdd9b28) Importer(815301076,1909f56bfc062723c751e8b465ee728b)
Start importing Assets/Examples/Prefabs/DungeonTiles/Tile13.prefab using Guid(e161c87f6a4c3413c881fcb2dfdd9b28) Importer(815301076,1909f56bfc062723c751e8b465ee728b)  -> (artifact id: '16bcbb392d0e67a638a9ca9b18d96fb3') in 0.037517 seconds 
  Import took 0.042801 seconds .

========================================================================
Received Import Request.
  Time since last request: 0.000572 seconds.
  path: Assets/Examples/Prefabs/DungeonTiles/Tile0.prefab
  artifactKey: Guid(7d7ea54c92e3c4ca3bdd081adb6953e3) Importer(815301076,1909f56bfc062723c751e8b465ee728b)
Start importing Assets/Examples/Prefabs/DungeonTiles/Tile0.prefab using Guid(7d7ea54c92e3c4ca3bdd081adb6953e3) Importer(815301076,1909f56bfc062723c751e8b465ee728b)  -> (artifact id: 'ffbc322edbd4e66aa937526843e76434') in 0.034744 seconds 
  Import took 0.041800 seconds .

========================================================================
Received Import Request.
  Time since last request: 0.000783 seconds.
  path: Assets/Examples/Prefabs/DungeonTiles/Tile1.prefab
  artifactKey: Guid(00022e44e06ba4686a52ff33cd6af19b) Importer(815301076,1909f56bfc062723c751e8b465ee728b)
Start importing Assets/Examples/Prefabs/DungeonTiles/Tile1.prefab using Guid(00022e44e06ba4686a52ff33cd6af19b) Importer(815301076,1909f56bfc062723c751e8b465ee728b)  -> (artifact id: 'd8513788a16ee2b68e2243074841783f') in 0.033955 seconds 
  Import took 0.039320 seconds .

========================================================================
Received Import Request.
  Time since last request: 0.000614 seconds.
  path: Assets/Examples/Prefabs/DungeonTiles/Tile6.prefab
  artifactKey: Guid(cd19d9115d9a14e4193a39766437a679) Importer(815301076,1909f56bfc062723c751e8b465ee728b)
Start importing Assets/Examples/Prefabs/DungeonTiles/Tile6.prefab using Guid(cd19d9115d9a14e4193a39766437a679) Importer(815301076,1909f56bfc062723c751e8b465ee728b)  -> (artifact id: '22e6b50056df0db42a70f929fc247c94') in 0.026431 seconds 
  Import took 0.031936 seconds .

========================================================================
Received Import Request.
  Time since last request: 0.000640 seconds.
  path: Assets/Examples/Prefabs/BanyanTree.prefab
  artifactKey: Guid(46d69f622d1354ee0820b7921e262b38) Importer(815301076,1909f56bfc062723c751e8b465ee728b)
Start importing Assets/Examples/Prefabs/BanyanTree.prefab using Guid(46d69f622d1354ee0820b7921e262b38) Importer(815301076,1909f56bfc062723c751e8b465ee728b)  -> (artifact id: '362aba472ff76666fb7a2c78aa9ffad1') in 0.067839 seconds 
  Import took 0.073323 seconds .

========================================================================
Received Import Request.
  Time since last request: 0.000536 seconds.
  path: Assets/Examples/Prefabs/DungeonTiles/Tile3.prefab
  artifactKey: Guid(b33f2fc7081e8459fb6d76b57d008b89) Importer(815301076,1909f56bfc062723c751e8b465ee728b)
Start importing Assets/Examples/Prefabs/DungeonTiles/Tile3.prefab using Guid(b33f2fc7081e8459fb6d76b57d008b89) Importer(815301076,1909f56bfc062723c751e8b465ee728b)  -> (artifact id: '9a731ed306f62c44549b933704d224c8') in 0.023448 seconds 
  Import took 0.028554 seconds .

========================================================================
Received Prepare
Registering precompiled user dll's ...
Registered in 0.005047 seconds.
Begin MonoManager ReloadAssembly
Native extension for WindowsStandalone target not found
Native extension for WebGL target not found
Refreshing native plugins compatible for Editor in 0.56 ms, found 2 plugins.
Preloading 0 native plugins for Editor in 0.00 ms.
Mono: successfully reloaded assembly
- Completed reload, in  2.101 seconds
Domain Reload Profiling:
	ReloadAssembly (2102ms)
		BeginReloadAssembly (233ms)
			ExecutionOrderSort (0ms)
			DisableScriptedObjects (10ms)
			BackupInstance (0ms)
			ReleaseScriptingObjects (0ms)
			CreateAndSetChildDomain (64ms)
		EndReloadAssembly (1746ms)
			LoadAssemblies (184ms)
			RebuildTransferFunctionScriptingTraits (0ms)
			SetupTypeCache (531ms)
			ReleaseScriptCaches (1ms)
			RebuildScriptCaches (84ms)
			SetupLoadedEditorAssemblies (761ms)
				LogAssemblyErrors (0ms)
				InitializePlatformSupportModulesInManaged (14ms)
				SetLoadedEditorAssemblies (1ms)
				RefreshPlugins (1ms)
				BeforeProcessingInitializeOnLoad (105ms)
				ProcessInitializeOnLoadAttributes (621ms)
				ProcessInitializeOnLoadMethodAttributes (8ms)
				AfterProcessingInitializeOnLoad (11ms)
				EditorAssembliesLoaded (1ms)
			ExecutionOrderSort2 (0ms)
			AwakeInstancesAfterBackupRestoration (14ms)
Platform modules already initialized, skipping
Refreshing native plugins compatible for Editor in 0.70 ms, found 2 plugins.
Preloading 0 native plugins for Editor in 0.00 ms.
Unloading 1419 Unused Serialized files (Serialized files now loaded: 0)
System memory in use before: 80.9 MB.
System memory in use after: 81.0 MB.

Unloading 14 unused Assets to reduce memory usage. Loaded Objects now: 1883.
Total: 5.719700 ms (FindLiveObjects: 0.194900 ms CreateObjectMapping: 0.088800 ms MarkObjects: 5.308500 ms  DeleteObjects: 0.125800 ms)

AssetImportParameters requested are different than current active one (requested -> active):
  custom:framework-win-MediaFoundation: 216162199b28c13a410421893ffa2e32 -> 
  custom:video-decoder-ogg-theora: a1e56fd34408186e4bbccfd4996cb3dc -> 
  custom:container-muxer-webm: aa71ff27fc2769a1b78a27578f13a17b -> 
  custom:container-demuxer-webm: 4f35f7cbe854078d1ac9338744f61a02 -> 
  custom:container-demuxer-ogg: 62fdf1f143b41e24485cea50d1cbac27 -> 
  custom:video-encoder-webm-vp8: eb34c28f22e8b96e1ab97ce403110664 -> 
  custom:video-decoder-webm-vp8: 9c59270c3fd7afecdb556c50c9e8de78 -> 
  custom:audio-decoder-ogg-vorbis: bf7c407c2cedff20999df2af8eb42d56 -> 
  custom:audio-encoder-webm-vorbis: bf7c407c2cedff20999df2af8eb42d56 -> 
========================================================================
Received Prepare
Registering precompiled user dll's ...
Registered in 0.004896 seconds.
Begin MonoManager ReloadAssembly
Native extension for WindowsStandalone target not found
Native extension for WebGL target not found
Refreshing native plugins compatible for Editor in 0.60 ms, found 2 plugins.
Preloading 0 native plugins for Editor in 0.00 ms.
Mono: successfully reloaded assembly
- Completed reload, in  2.039 seconds
Domain Reload Profiling:
	ReloadAssembly (2040ms)
		BeginReloadAssembly (208ms)
			ExecutionOrderSort (0ms)
			DisableScriptedObjects (11ms)
			BackupInstance (0ms)
			ReleaseScriptingObjects (0ms)
			CreateAndSetChildDomain (67ms)
		EndReloadAssembly (1705ms)
			LoadAssemblies (176ms)
			RebuildTransferFunctionScriptingTraits (0ms)
			SetupTypeCache (506ms)
			ReleaseScriptCaches (1ms)
			RebuildScriptCaches (89ms)
			SetupLoadedEditorAssemblies (740ms)
				LogAssemblyErrors (0ms)
				InitializePlatformSupportModulesInManaged (14ms)
				SetLoadedEditorAssemblies (1ms)
				RefreshPlugins (1ms)
				BeforeProcessingInitializeOnLoad (106ms)
				ProcessInitializeOnLoadAttributes (599ms)
				ProcessInitializeOnLoadMethodAttributes (7ms)
				AfterProcessingInitializeOnLoad (11ms)
				EditorAssembliesLoaded (1ms)
			ExecutionOrderSort2 (0ms)
			AwakeInstancesAfterBackupRestoration (15ms)
Platform modules already initialized, skipping
Refreshing native plugins compatible for Editor in 0.56 ms, found 2 plugins.
Preloading 0 native plugins for Editor in 0.00 ms.
Unloading 1419 Unused Serialized files (Serialized files now loaded: 0)
System memory in use before: 81.0 MB.
System memory in use after: 81.1 MB.

Unloading 13 unused Assets to reduce memory usage. Loaded Objects now: 1885.
Total: 5.205400 ms (FindLiveObjects: 0.224000 ms CreateObjectMapping: 0.077600 ms MarkObjects: 4.859400 ms  DeleteObjects: 0.042600 ms)

AssetImportParameters requested are different than current active one (requested -> active):
  custom:framework-win-MediaFoundation: 216162199b28c13a410421893ffa2e32 -> 
  custom:video-decoder-ogg-theora: a1e56fd34408186e4bbccfd4996cb3dc -> 
  custom:container-muxer-webm: aa71ff27fc2769a1b78a27578f13a17b -> 
  custom:container-demuxer-webm: 4f35f7cbe854078d1ac9338744f61a02 -> 
  custom:container-demuxer-ogg: 62fdf1f143b41e24485cea50d1cbac27 -> 
  custom:video-encoder-webm-vp8: eb34c28f22e8b96e1ab97ce403110664 -> 
  custom:video-decoder-webm-vp8: 9c59270c3fd7afecdb556c50c9e8de78 -> 
  custom:audio-decoder-ogg-vorbis: bf7c407c2cedff20999df2af8eb42d56 -> 
  custom:audio-encoder-webm-vorbis: bf7c407c2cedff20999df2af8eb42d56 -> 
========================================================================
Received Prepare
Registering precompiled user dll's ...
Registered in 0.004701 seconds.
Begin MonoManager ReloadAssembly
Native extension for WindowsStandalone target not found
Native extension for WebGL target not found
Refreshing native plugins compatible for Editor in 0.52 ms, found 2 plugins.
Preloading 0 native plugins for Editor in 0.00 ms.
Mono: successfully reloaded assembly
- Completed reload, in  2.151 seconds
Domain Reload Profiling:
	ReloadAssembly (2152ms)
		BeginReloadAssembly (229ms)
			ExecutionOrderSort (0ms)
			DisableScriptedObjects (9ms)
			BackupInstance (0ms)
			ReleaseScriptingObjects (0ms)
			CreateAndSetChildDomain (63ms)
		EndReloadAssembly (1794ms)
			LoadAssemblies (191ms)
			RebuildTransferFunctionScriptingTraits (0ms)
			SetupTypeCache (602ms)
			ReleaseScriptCaches (1ms)
			RebuildScriptCaches (73ms)
			SetupLoadedEditorAssemblies (776ms)
				LogAssemblyErrors (0ms)
				InitializePlatformSupportModulesInManaged (12ms)
				SetLoadedEditorAssemblies (1ms)
				RefreshPlugins (1ms)
				BeforeProcessingInitializeOnLoad (96ms)
				ProcessInitializeOnLoadAttributes (649ms)
				ProcessInitializeOnLoadMethodAttributes (7ms)
				AfterProcessingInitializeOnLoad (10ms)
				EditorAssembliesLoaded (0ms)
			ExecutionOrderSort2 (0ms)
			AwakeInstancesAfterBackupRestoration (14ms)
Platform modules already initialized, skipping
Refreshing native plugins compatible for Editor in 0.55 ms, found 2 plugins.
Preloading 0 native plugins for Editor in 0.00 ms.
Unloading 1419 Unused Serialized files (Serialized files now loaded: 0)
System memory in use before: 81.0 MB.
System memory in use after: 81.1 MB.

Unloading 13 unused Assets to reduce memory usage. Loaded Objects now: 1887.
Total: 5.372900 ms (FindLiveObjects: 0.191600 ms CreateObjectMapping: 0.063600 ms MarkObjects: 5.018100 ms  DeleteObjects: 0.097400 ms)

AssetImportParameters requested are different than current active one (requested -> active):
  custom:framework-win-MediaFoundation: 216162199b28c13a410421893ffa2e32 -> 
  custom:video-decoder-ogg-theora: a1e56fd34408186e4bbccfd4996cb3dc -> 
  custom:container-muxer-webm: aa71ff27fc2769a1b78a27578f13a17b -> 
  custom:container-demuxer-webm: 4f35f7cbe854078d1ac9338744f61a02 -> 
  custom:container-demuxer-ogg: 62fdf1f143b41e24485cea50d1cbac27 -> 
  custom:video-encoder-webm-vp8: eb34c28f22e8b96e1ab97ce403110664 -> 
  custom:video-decoder-webm-vp8: 9c59270c3fd7afecdb556c50c9e8de78 -> 
  custom:audio-decoder-ogg-vorbis: bf7c407c2cedff20999df2af8eb42d56 -> 
  custom:audio-encoder-webm-vorbis: bf7c407c2cedff20999df2af8eb42d56 -> 
AssetImportWorkerClient::OnTransportError - code=2 error=End of file
